The target system is: Linux -  - arm
The host system is: Linux - 5.15.153.1-microsoft-standard-WSL2 - x86_64
Compiling the C compiler identification source file "CMakeCCompilerId.c" succeeded.
Compiler: /opt/plcnext_axcf2152_sdk_2023/sysroots/x86_64-pokysdk-linux/usr/bin/arm-pxc-linux-gnueabi/arm-pxc-linux-gnueabi-gcc 
Build flags: ;;-mthumb;-mfpu=neon;-mfloat-abi=hard;-mcpu=cortex-a9
Id flags: -c 

The output was:
0


Compilation of the C compiler identification source "CMakeCCompilerId.c" produced "CMakeCCompilerId.o"

The C compiler identification is GNU, found in "/workspaces/PLCnext-DevOps/src/projects/StarterKit/intermediate/cmakeAutoBuild/AXCF2152,23.6.0.43/Release/CMakeFiles/3.13.1/CompilerIdC/CMakeCCompilerId.o"

Compiling the CXX compiler identification source file "CMakeCXXCompilerId.cpp" succeeded.
Compiler: /opt/plcnext_axcf2152_sdk_2023/sysroots/x86_64-pokysdk-linux/usr/bin/arm-pxc-linux-gnueabi/arm-pxc-linux-gnueabi-g++ 
Build flags: ;;-mthumb;-mfpu=neon;-mfloat-abi=hard;-mcpu=cortex-a9
Id flags: -c 

The output was:
0


Compilation of the CXX compiler identification source "CMakeCXXCompilerId.cpp" produced "CMakeCXXCompilerId.o"

The CXX compiler identification is GNU, found in "/workspaces/PLCnext-DevOps/src/projects/StarterKit/intermediate/cmakeAutoBuild/AXCF2152,23.6.0.43/Release/CMakeFiles/3.13.1/CompilerIdCXX/CMakeCXXCompilerId.o"

Determining if the C compiler works passed with the following output:
Change Dir: /workspaces/PLCnext-DevOps/src/projects/StarterKit/intermediate/cmakeAutoBuild/AXCF2152,23.6.0.43/Release/CMakeFiles/CMakeTmp

Run Build Command:"/usr/bin/gmake" "cmTC_63e22/fast"
/usr/bin/gmake -f CMakeFiles/cmTC_63e22.dir/build.make CMakeFiles/cmTC_63e22.dir/build
gmake[1]: Entering directory '/workspaces/PLCnext-DevOps/src/projects/StarterKit/intermediate/cmakeAutoBuild/AXCF2152,23.6.0.43/Release/CMakeFiles/CMakeTmp'
Building C object CMakeFiles/cmTC_63e22.dir/testCCompiler.c.o
/opt/plcnext_axcf2152_sdk_2023/sysroots/x86_64-pokysdk-linux/usr/bin/arm-pxc-linux-gnueabi/arm-pxc-linux-gnueabi-gcc --sysroot=/opt/plcnext_axcf2152_sdk_2023/sysroots/cortexa9t2hf-neon-pxc-linux-gnueabi   -mthumb -mfpu=neon -mfloat-abi=hard -mcpu=cortex-a9    -o CMakeFiles/cmTC_63e22.dir/testCCompiler.c.o   -c /workspaces/PLCnext-DevOps/src/projects/StarterKit/intermediate/cmakeAutoBuild/AXCF2152,23.6.0.43/Release/CMakeFiles/CMakeTmp/testCCompiler.c
Linking C executable cmTC_63e22
/opt/plcncli/cmake/bin/cmake -E cmake_link_script CMakeFiles/cmTC_63e22.dir/link.txt --verbose=1
/opt/plcnext_axcf2152_sdk_2023/sysroots/x86_64-pokysdk-linux/usr/bin/arm-pxc-linux-gnueabi/arm-pxc-linux-gnueabi-gcc --sysroot=/opt/plcnext_axcf2152_sdk_2023/sysroots/cortexa9t2hf-neon-pxc-linux-gnueabi   -mthumb -mfpu=neon -mfloat-abi=hard -mcpu=cortex-a9    -mthumb -mfpu=neon -mfloat-abi=hard -mcpu=cortex-a9   CMakeFiles/cmTC_63e22.dir/testCCompiler.c.o  -o cmTC_63e22 
gmake[1]: Leaving directory '/workspaces/PLCnext-DevOps/src/projects/StarterKit/intermediate/cmakeAutoBuild/AXCF2152,23.6.0.43/Release/CMakeFiles/CMakeTmp'


Detecting C compiler ABI info compiled with the following output:
Change Dir: /workspaces/PLCnext-DevOps/src/projects/StarterKit/intermediate/cmakeAutoBuild/AXCF2152,23.6.0.43/Release/CMakeFiles/CMakeTmp

Run Build Command:"/usr/bin/gmake" "cmTC_bad85/fast"
/usr/bin/gmake -f CMakeFiles/cmTC_bad85.dir/build.make CMakeFiles/cmTC_bad85.dir/build
gmake[1]: Entering directory '/workspaces/PLCnext-DevOps/src/projects/StarterKit/intermediate/cmakeAutoBuild/AXCF2152,23.6.0.43/Release/CMakeFiles/CMakeTmp'
Building C object CMakeFiles/cmTC_bad85.dir/CMakeCCompilerABI.c.o
/opt/plcnext_axcf2152_sdk_2023/sysroots/x86_64-pokysdk-linux/usr/bin/arm-pxc-linux-gnueabi/arm-pxc-linux-gnueabi-gcc --sysroot=/opt/plcnext_axcf2152_sdk_2023/sysroots/cortexa9t2hf-neon-pxc-linux-gnueabi   -mthumb -mfpu=neon -mfloat-abi=hard -mcpu=cortex-a9    -o CMakeFiles/cmTC_bad85.dir/CMakeCCompilerABI.c.o   -c /opt/plcncli/cmake/share/cmake-3.13/Modules/CMakeCCompilerABI.c
Linking C executable cmTC_bad85
/opt/plcncli/cmake/bin/cmake -E cmake_link_script CMakeFiles/cmTC_bad85.dir/link.txt --verbose=1
/opt/plcnext_axcf2152_sdk_2023/sysroots/x86_64-pokysdk-linux/usr/bin/arm-pxc-linux-gnueabi/arm-pxc-linux-gnueabi-gcc --sysroot=/opt/plcnext_axcf2152_sdk_2023/sysroots/cortexa9t2hf-neon-pxc-linux-gnueabi   -mthumb -mfpu=neon -mfloat-abi=hard -mcpu=cortex-a9    -mthumb -mfpu=neon -mfloat-abi=hard -mcpu=cortex-a9  -v CMakeFiles/cmTC_bad85.dir/CMakeCCompilerABI.c.o  -o cmTC_bad85 
Using built-in specs.
COLLECT_GCC=/opt/plcnext_axcf2152_sdk_2023/sysroots/x86_64-pokysdk-linux/usr/bin/arm-pxc-linux-gnueabi/arm-pxc-linux-gnueabi-gcc
COLLECT_LTO_WRAPPER=/opt/plcnext_axcf2152_sdk_2023/sysroots/x86_64-pokysdk-linux/usr/libexec/arm-pxc-linux-gnueabi/gcc/arm-pxc-linux-gnueabi/11.3.0/lto-wrapper
Target: arm-pxc-linux-gnueabi
Configured with: ../../../../../work-shared/gcc-11.3.0-r0/gcc-11.3.0/configure --build=x86_64-linux --host=x86_64-pokysdk-linux --target=arm-pxc-linux-gnueabi --prefix=/usr/local/oe-sdk-hardcoded-buildpath/sysroots/x86_64-pokysdk-linux/usr --exec_prefix=/usr/local/oe-sdk-hardcoded-buildpath/sysroots/x86_64-pokysdk-linux/usr --bindir=/usr/local/oe-sdk-hardcoded-buildpath/sysroots/x86_64-pokysdk-linux/usr/bin/arm-pxc-linux-gnueabi --sbindir=/usr/local/oe-sdk-hardcoded-buildpath/sysroots/x86_64-pokysdk-linux/usr/bin/arm-pxc-linux-gnueabi --libexecdir=/usr/local/oe-sdk-hardcoded-buildpath/sysroots/x86_64-pokysdk-linux/usr/libexec/arm-pxc-linux-gnueabi --datadir=/usr/local/oe-sdk-hardcoded-buildpath/sysroots/x86_64-pokysdk-linux/usr/share --sysconfdir=/usr/local/oe-sdk-hardcoded-buildpath/sysroots/x86_64-pokysdk-linux/etc --sharedstatedir=/usr/local/oe-sdk-hardcoded-buildpath/sysroots/x86_64-pokysdk-linux/com --localstatedir=/usr/local/oe-sdk-hardcoded-buildpath/sysroots/x86_64-pokysdk-linux/var --libdir=/usr/local/oe-sdk-hardcoded-buildpath/sysroots/x86_64-pokysdk-linux/usr/lib/arm-pxc-linux-gnueabi --includedir=/usr/local/oe-sdk-hardcoded-buildpath/sysroots/x86_64-pokysdk-linux/usr/include --oldincludedir=/usr/local/oe-sdk-hardcoded-buildpath/sysroots/x86_64-pokysdk-linux/usr/include --infodir=/usr/local/oe-sdk-hardcoded-buildpath/sysroots/x86_64-pokysdk-linux/usr/share/info --mandir=/usr/local/oe-sdk-hardcoded-buildpath/sysroots/x86_64-pokysdk-linux/usr/share/man --disable-silent-rules --disable-dependency-tracking --with-libtool-sysroot=/yocto/jenkins/workspace/to_Targets_Yocto_AXCF1152_master/axcf2152_build/tmp/work/x86_64-nativesdk-pokysdk-linux/gcc-cross-canadian-arm/11.3.0-r0/recipe-sysroot --with-gnu-ld --enable-shared --enable-languages=c,c++ --enable-threads=posix --enable-multilib --enable-default-pie --enable-c99 --enable-long-long --enable-symvers=gnu --enable-libstdcxx-pch --program-prefix=arm-pxc-linux-gnueabi- --without-local-prefix --disable-install-libiberty --disable-libssp --enable-libitm --enable-lto --disable-bootstrap --with-system-zlib --with-linker-hash-style=gnu --enable-linker-build-id --with-ppl=no --with-cloog=no --enable-checking=release --enable-cheaders=c_global --without-isl --with-gxx-include-dir=/not/exist/usr/include/c++/11.3.0 --with-build-time-tools=/yocto/jenkins/workspace/to_Targets_Yocto_AXCF1152_master/axcf2152_build/tmp/work/x86_64-nativesdk-pokysdk-linux/gcc-cross-canadian-arm/11.3.0-r0/recipe-sysroot-native/usr/arm-pxc-linux-gnueabi/bin --with-sysroot=/not/exist --with-build-sysroot=/yocto/jenkins/workspace/to_Targets_Yocto_AXCF1152_master/axcf2152_build/tmp/work/x86_64-nativesdk-pokysdk-linux/gcc-cross-canadian-arm/11.3.0-r0/recipe-sysroot --enable-standard-branch-protection --with-plugin-ld=ld --enable-poison-system-directories --disable-static --enable-nls --with-glibc-version=2.28 --enable-initfini-array
Thread model: posix
Supported LTO compression algorithms: zlib zstd
gcc version 11.3.0 (GCC) 
COMPILER_PATH=/opt/plcnext_axcf2152_sdk_2023/sysroots/x86_64-pokysdk-linux/usr/libexec/arm-pxc-linux-gnueabi/gcc/arm-pxc-linux-gnueabi/11.3.0/:/opt/plcnext_axcf2152_sdk_2023/sysroots/x86_64-pokysdk-linux/usr/libexec/arm-pxc-linux-gnueabi/gcc/arm-pxc-linux-gnueabi/11.3.0/:/opt/plcnext_axcf2152_sdk_2023/sysroots/x86_64-pokysdk-linux/usr/libexec/arm-pxc-linux-gnueabi/gcc/arm-pxc-linux-gnueabi/:/opt/plcnext_axcf2152_sdk_2023/sysroots/x86_64-pokysdk-linux/usr/lib/arm-pxc-linux-gnueabi/gcc/arm-pxc-linux-gnueabi/11.3.0/:/opt/plcnext_axcf2152_sdk_2023/sysroots/x86_64-pokysdk-linux/usr/lib/arm-pxc-linux-gnueabi/gcc/arm-pxc-linux-gnueabi/
LIBRARY_PATH=/opt/plcnext_axcf2152_sdk_2023/sysroots/x86_64-pokysdk-linux/usr/lib/arm-pxc-linux-gnueabi/gcc/arm-pxc-linux-gnueabi/11.3.0/:/opt/plcnext_axcf2152_sdk_2023/sysroots/cortexa9t2hf-neon-pxc-linux-gnueabi/lib/:/opt/plcnext_axcf2152_sdk_2023/sysroots/cortexa9t2hf-neon-pxc-linux-gnueabi/usr/lib/arm-pxc-linux-gnueabi/11.3.0/:/opt/plcnext_axcf2152_sdk_2023/sysroots/cortexa9t2hf-neon-pxc-linux-gnueabi/usr/lib/
COLLECT_GCC_OPTIONS='-mfpu=neon' '-mfloat-abi=hard' '-mthumb' '-mfpu=neon' '-mfloat-abi=hard' '-mcpu=cortex-a9' '-v' '-o' 'cmTC_bad85' '-mtls-dialect=gnu' '-mlibarch=armv7-a+mp+sec+simd' '-march=armv7-a+mp+sec+simd' '-dumpdir' 'cmTC_bad85.'
 /opt/plcnext_axcf2152_sdk_2023/sysroots/x86_64-pokysdk-linux/usr/libexec/arm-pxc-linux-gnueabi/gcc/arm-pxc-linux-gnueabi/11.3.0/collect2 -plugin /opt/plcnext_axcf2152_sdk_2023/sysroots/x86_64-pokysdk-linux/usr/libexec/arm-pxc-linux-gnueabi/gcc/arm-pxc-linux-gnueabi/11.3.0/liblto_plugin.so -plugin-opt=/opt/plcnext_axcf2152_sdk_2023/sysroots/x86_64-pokysdk-linux/usr/libexec/arm-pxc-linux-gnueabi/gcc/arm-pxc-linux-gnueabi/11.3.0/lto-wrapper -plugin-opt=-fresolution=/tmp/cchyL1jt.res -plugin-opt=-pass-through=-lgcc -plugin-opt=-pass-through=-lgcc_s -plugin-opt=-pass-through=-lc -plugin-opt=-pass-through=-lgcc -plugin-opt=-pass-through=-lgcc_s --sysroot=/opt/plcnext_axcf2152_sdk_2023/sysroots/cortexa9t2hf-neon-pxc-linux-gnueabi --build-id --eh-frame-hdr --hash-style=gnu -dynamic-linker /lib/ld-linux-armhf.so.3 -X -m armelf_linux_eabi -pie -o cmTC_bad85 /opt/plcnext_axcf2152_sdk_2023/sysroots/cortexa9t2hf-neon-pxc-linux-gnueabi/usr/lib/Scrt1.o /opt/plcnext_axcf2152_sdk_2023/sysroots/cortexa9t2hf-neon-pxc-linux-gnueabi/usr/lib/crti.o /opt/plcnext_axcf2152_sdk_2023/sysroots/cortexa9t2hf-neon-pxc-linux-gnueabi/usr/lib/arm-pxc-linux-gnueabi/11.3.0/crtbeginS.o -L/opt/plcnext_axcf2152_sdk_2023/sysroots/x86_64-pokysdk-linux/usr/lib/arm-pxc-linux-gnueabi/gcc/arm-pxc-linux-gnueabi/11.3.0 -L/opt/plcnext_axcf2152_sdk_2023/sysroots/cortexa9t2hf-neon-pxc-linux-gnueabi/lib -L/opt/plcnext_axcf2152_sdk_2023/sysroots/cortexa9t2hf-neon-pxc-linux-gnueabi/usr/lib/arm-pxc-linux-gnueabi/11.3.0 -L/opt/plcnext_axcf2152_sdk_2023/sysroots/cortexa9t2hf-neon-pxc-linux-gnueabi/usr/lib CMakeFiles/cmTC_bad85.dir/CMakeCCompilerABI.c.o -lgcc --push-state --as-needed -lgcc_s --pop-state -lc -lgcc --push-state --as-needed -lgcc_s --pop-state /opt/plcnext_axcf2152_sdk_2023/sysroots/cortexa9t2hf-neon-pxc-linux-gnueabi/usr/lib/arm-pxc-linux-gnueabi/11.3.0/crtendS.o /opt/plcnext_axcf2152_sdk_2023/sysroots/cortexa9t2hf-neon-pxc-linux-gnueabi/usr/lib/crtn.o
COLLECT_GCC_OPTIONS='-mfpu=neon' '-mfloat-abi=hard' '-mthumb' '-mfpu=neon' '-mfloat-abi=hard' '-mcpu=cortex-a9' '-v' '-o' 'cmTC_bad85' '-mtls-dialect=gnu' '-mlibarch=armv7-a+mp+sec+simd' '-march=armv7-a+mp+sec+simd' '-dumpdir' 'cmTC_bad85.'
gmake[1]: Leaving directory '/workspaces/PLCnext-DevOps/src/projects/StarterKit/intermediate/cmakeAutoBuild/AXCF2152,23.6.0.43/Release/CMakeFiles/CMakeTmp'


Parsed C implicit link information from above output:
  link line regex: [^( *|.*[/\])(arm-pxc-linux-gnueabi-ld|CMAKE_LINK_STARTFILE-NOTFOUND|([^/\]+-)?ld|collect2)[^/\]*( |$)]
  ignore line: [Change Dir: /workspaces/PLCnext-DevOps/src/projects/StarterKit/intermediate/cmakeAutoBuild/AXCF2152,23.6.0.43/Release/CMakeFiles/CMakeTmp]
  ignore line: []
  ignore line: [Run Build Command:"/usr/bin/gmake" "cmTC_bad85/fast"]
  ignore line: [/usr/bin/gmake -f CMakeFiles/cmTC_bad85.dir/build.make CMakeFiles/cmTC_bad85.dir/build]
  ignore line: [gmake[1]: Entering directory '/workspaces/PLCnext-DevOps/src/projects/StarterKit/intermediate/cmakeAutoBuild/AXCF2152,23.6.0.43/Release/CMakeFiles/CMakeTmp']
  ignore line: [Building C object CMakeFiles/cmTC_bad85.dir/CMakeCCompilerABI.c.o]
  ignore line: [/opt/plcnext_axcf2152_sdk_2023/sysroots/x86_64-pokysdk-linux/usr/bin/arm-pxc-linux-gnueabi/arm-pxc-linux-gnueabi-gcc --sysroot=/opt/plcnext_axcf2152_sdk_2023/sysroots/cortexa9t2hf-neon-pxc-linux-gnueabi   -mthumb -mfpu=neon -mfloat-abi=hard -mcpu=cortex-a9    -o CMakeFiles/cmTC_bad85.dir/CMakeCCompilerABI.c.o   -c /opt/plcncli/cmake/share/cmake-3.13/Modules/CMakeCCompilerABI.c]
  ignore line: [Linking C executable cmTC_bad85]
  ignore line: [/opt/plcncli/cmake/bin/cmake -E cmake_link_script CMakeFiles/cmTC_bad85.dir/link.txt --verbose=1]
  ignore line: [/opt/plcnext_axcf2152_sdk_2023/sysroots/x86_64-pokysdk-linux/usr/bin/arm-pxc-linux-gnueabi/arm-pxc-linux-gnueabi-gcc --sysroot=/opt/plcnext_axcf2152_sdk_2023/sysroots/cortexa9t2hf-neon-pxc-linux-gnueabi   -mthumb -mfpu=neon -mfloat-abi=hard -mcpu=cortex-a9    -mthumb -mfpu=neon -mfloat-abi=hard -mcpu=cortex-a9  -v CMakeFiles/cmTC_bad85.dir/CMakeCCompilerABI.c.o  -o cmTC_bad85 ]
  ignore line: [Using built-in specs.]
  ignore line: [COLLECT_GCC=/opt/plcnext_axcf2152_sdk_2023/sysroots/x86_64-pokysdk-linux/usr/bin/arm-pxc-linux-gnueabi/arm-pxc-linux-gnueabi-gcc]
  ignore line: [COLLECT_LTO_WRAPPER=/opt/plcnext_axcf2152_sdk_2023/sysroots/x86_64-pokysdk-linux/usr/libexec/arm-pxc-linux-gnueabi/gcc/arm-pxc-linux-gnueabi/11.3.0/lto-wrapper]
  ignore line: [Target: arm-pxc-linux-gnueabi]
  ignore line: [Configured with: ../../../../../work-shared/gcc-11.3.0-r0/gcc-11.3.0/configure --build=x86_64-linux --host=x86_64-pokysdk-linux --target=arm-pxc-linux-gnueabi --prefix=/usr/local/oe-sdk-hardcoded-buildpath/sysroots/x86_64-pokysdk-linux/usr --exec_prefix=/usr/local/oe-sdk-hardcoded-buildpath/sysroots/x86_64-pokysdk-linux/usr --bindir=/usr/local/oe-sdk-hardcoded-buildpath/sysroots/x86_64-pokysdk-linux/usr/bin/arm-pxc-linux-gnueabi --sbindir=/usr/local/oe-sdk-hardcoded-buildpath/sysroots/x86_64-pokysdk-linux/usr/bin/arm-pxc-linux-gnueabi --libexecdir=/usr/local/oe-sdk-hardcoded-buildpath/sysroots/x86_64-pokysdk-linux/usr/libexec/arm-pxc-linux-gnueabi --datadir=/usr/local/oe-sdk-hardcoded-buildpath/sysroots/x86_64-pokysdk-linux/usr/share --sysconfdir=/usr/local/oe-sdk-hardcoded-buildpath/sysroots/x86_64-pokysdk-linux/etc --sharedstatedir=/usr/local/oe-sdk-hardcoded-buildpath/sysroots/x86_64-pokysdk-linux/com --localstatedir=/usr/local/oe-sdk-hardcoded-buildpath/sysroots/x86_64-pokysdk-linux/var --libdir=/usr/local/oe-sdk-hardcoded-buildpath/sysroots/x86_64-pokysdk-linux/usr/lib/arm-pxc-linux-gnueabi --includedir=/usr/local/oe-sdk-hardcoded-buildpath/sysroots/x86_64-pokysdk-linux/usr/include --oldincludedir=/usr/local/oe-sdk-hardcoded-buildpath/sysroots/x86_64-pokysdk-linux/usr/include --infodir=/usr/local/oe-sdk-hardcoded-buildpath/sysroots/x86_64-pokysdk-linux/usr/share/info --mandir=/usr/local/oe-sdk-hardcoded-buildpath/sysroots/x86_64-pokysdk-linux/usr/share/man --disable-silent-rules --disable-dependency-tracking --with-libtool-sysroot=/yocto/jenkins/workspace/to_Targets_Yocto_AXCF1152_master/axcf2152_build/tmp/work/x86_64-nativesdk-pokysdk-linux/gcc-cross-canadian-arm/11.3.0-r0/recipe-sysroot --with-gnu-ld --enable-shared --enable-languages=c,c++ --enable-threads=posix --enable-multilib --enable-default-pie --enable-c99 --enable-long-long --enable-symvers=gnu --enable-libstdcxx-pch --program-prefix=arm-pxc-linux-gnueabi- --without-local-prefix --disable-install-libiberty --disable-libssp --enable-libitm --enable-lto --disable-bootstrap --with-system-zlib --with-linker-hash-style=gnu --enable-linker-build-id --with-ppl=no --with-cloog=no --enable-checking=release --enable-cheaders=c_global --without-isl --with-gxx-include-dir=/not/exist/usr/include/c++/11.3.0 --with-build-time-tools=/yocto/jenkins/workspace/to_Targets_Yocto_AXCF1152_master/axcf2152_build/tmp/work/x86_64-nativesdk-pokysdk-linux/gcc-cross-canadian-arm/11.3.0-r0/recipe-sysroot-native/usr/arm-pxc-linux-gnueabi/bin --with-sysroot=/not/exist --with-build-sysroot=/yocto/jenkins/workspace/to_Targets_Yocto_AXCF1152_master/axcf2152_build/tmp/work/x86_64-nativesdk-pokysdk-linux/gcc-cross-canadian-arm/11.3.0-r0/recipe-sysroot --enable-standard-branch-protection --with-plugin-ld=ld --enable-poison-system-directories --disable-static --enable-nls --with-glibc-version=2.28 --enable-initfini-array]
  ignore line: [Thread model: posix]
  ignore line: [Supported LTO compression algorithms: zlib zstd]
  ignore line: [gcc version 11.3.0 (GCC) ]
  ignore line: [COMPILER_PATH=/opt/plcnext_axcf2152_sdk_2023/sysroots/x86_64-pokysdk-linux/usr/libexec/arm-pxc-linux-gnueabi/gcc/arm-pxc-linux-gnueabi/11.3.0/:/opt/plcnext_axcf2152_sdk_2023/sysroots/x86_64-pokysdk-linux/usr/libexec/arm-pxc-linux-gnueabi/gcc/arm-pxc-linux-gnueabi/11.3.0/:/opt/plcnext_axcf2152_sdk_2023/sysroots/x86_64-pokysdk-linux/usr/libexec/arm-pxc-linux-gnueabi/gcc/arm-pxc-linux-gnueabi/:/opt/plcnext_axcf2152_sdk_2023/sysroots/x86_64-pokysdk-linux/usr/lib/arm-pxc-linux-gnueabi/gcc/arm-pxc-linux-gnueabi/11.3.0/:/opt/plcnext_axcf2152_sdk_2023/sysroots/x86_64-pokysdk-linux/usr/lib/arm-pxc-linux-gnueabi/gcc/arm-pxc-linux-gnueabi/]
  ignore line: [LIBRARY_PATH=/opt/plcnext_axcf2152_sdk_2023/sysroots/x86_64-pokysdk-linux/usr/lib/arm-pxc-linux-gnueabi/gcc/arm-pxc-linux-gnueabi/11.3.0/:/opt/plcnext_axcf2152_sdk_2023/sysroots/cortexa9t2hf-neon-pxc-linux-gnueabi/lib/:/opt/plcnext_axcf2152_sdk_2023/sysroots/cortexa9t2hf-neon-pxc-linux-gnueabi/usr/lib/arm-pxc-linux-gnueabi/11.3.0/:/opt/plcnext_axcf2152_sdk_2023/sysroots/cortexa9t2hf-neon-pxc-linux-gnueabi/usr/lib/]
  ignore line: [COLLECT_GCC_OPTIONS='-mfpu=neon' '-mfloat-abi=hard' '-mthumb' '-mfpu=neon' '-mfloat-abi=hard' '-mcpu=cortex-a9' '-v' '-o' 'cmTC_bad85' '-mtls-dialect=gnu' '-mlibarch=armv7-a+mp+sec+simd' '-march=armv7-a+mp+sec+simd' '-dumpdir' 'cmTC_bad85.']
  link line: [ /opt/plcnext_axcf2152_sdk_2023/sysroots/x86_64-pokysdk-linux/usr/libexec/arm-pxc-linux-gnueabi/gcc/arm-pxc-linux-gnueabi/11.3.0/collect2 -plugin /opt/plcnext_axcf2152_sdk_2023/sysroots/x86_64-pokysdk-linux/usr/libexec/arm-pxc-linux-gnueabi/gcc/arm-pxc-linux-gnueabi/11.3.0/liblto_plugin.so -plugin-opt=/opt/plcnext_axcf2152_sdk_2023/sysroots/x86_64-pokysdk-linux/usr/libexec/arm-pxc-linux-gnueabi/gcc/arm-pxc-linux-gnueabi/11.3.0/lto-wrapper -plugin-opt=-fresolution=/tmp/cchyL1jt.res -plugin-opt=-pass-through=-lgcc -plugin-opt=-pass-through=-lgcc_s -plugin-opt=-pass-through=-lc -plugin-opt=-pass-through=-lgcc -plugin-opt=-pass-through=-lgcc_s --sysroot=/opt/plcnext_axcf2152_sdk_2023/sysroots/cortexa9t2hf-neon-pxc-linux-gnueabi --build-id --eh-frame-hdr --hash-style=gnu -dynamic-linker /lib/ld-linux-armhf.so.3 -X -m armelf_linux_eabi -pie -o cmTC_bad85 /opt/plcnext_axcf2152_sdk_2023/sysroots/cortexa9t2hf-neon-pxc-linux-gnueabi/usr/lib/Scrt1.o /opt/plcnext_axcf2152_sdk_2023/sysroots/cortexa9t2hf-neon-pxc-linux-gnueabi/usr/lib/crti.o /opt/plcnext_axcf2152_sdk_2023/sysroots/cortexa9t2hf-neon-pxc-linux-gnueabi/usr/lib/arm-pxc-linux-gnueabi/11.3.0/crtbeginS.o -L/opt/plcnext_axcf2152_sdk_2023/sysroots/x86_64-pokysdk-linux/usr/lib/arm-pxc-linux-gnueabi/gcc/arm-pxc-linux-gnueabi/11.3.0 -L/opt/plcnext_axcf2152_sdk_2023/sysroots/cortexa9t2hf-neon-pxc-linux-gnueabi/lib -L/opt/plcnext_axcf2152_sdk_2023/sysroots/cortexa9t2hf-neon-pxc-linux-gnueabi/usr/lib/arm-pxc-linux-gnueabi/11.3.0 -L/opt/plcnext_axcf2152_sdk_2023/sysroots/cortexa9t2hf-neon-pxc-linux-gnueabi/usr/lib CMakeFiles/cmTC_bad85.dir/CMakeCCompilerABI.c.o -lgcc --push-state --as-needed -lgcc_s --pop-state -lc -lgcc --push-state --as-needed -lgcc_s --pop-state /opt/plcnext_axcf2152_sdk_2023/sysroots/cortexa9t2hf-neon-pxc-linux-gnueabi/usr/lib/arm-pxc-linux-gnueabi/11.3.0/crtendS.o /opt/plcnext_axcf2152_sdk_2023/sysroots/cortexa9t2hf-neon-pxc-linux-gnueabi/usr/lib/crtn.o]
    arg [/opt/plcnext_axcf2152_sdk_2023/sysroots/x86_64-pokysdk-linux/usr/libexec/arm-pxc-linux-gnueabi/gcc/arm-pxc-linux-gnueabi/11.3.0/collect2] ==> ignore
    arg [-plugin] ==> ignore
    arg [/opt/plcnext_axcf2152_sdk_2023/sysroots/x86_64-pokysdk-linux/usr/libexec/arm-pxc-linux-gnueabi/gcc/arm-pxc-linux-gnueabi/11.3.0/liblto_plugin.so] ==> ignore
    arg [-plugin-opt=/opt/plcnext_axcf2152_sdk_2023/sysroots/x86_64-pokysdk-linux/usr/libexec/arm-pxc-linux-gnueabi/gcc/arm-pxc-linux-gnueabi/11.3.0/lto-wrapper] ==> ignore
    arg [-plugin-opt=-fresolution=/tmp/cchyL1jt.res] ==> ignore
    arg [-plugin-opt=-pass-through=-lgcc] ==> ignore
    arg [-plugin-opt=-pass-through=-lgcc_s] ==> ignore
    arg [-plugin-opt=-pass-through=-lc] ==> ignore
    arg [-plugin-opt=-pass-through=-lgcc] ==> ignore
    arg [-plugin-opt=-pass-through=-lgcc_s] ==> ignore
    arg [--sysroot=/opt/plcnext_axcf2152_sdk_2023/sysroots/cortexa9t2hf-neon-pxc-linux-gnueabi] ==> ignore
    arg [--build-id] ==> ignore
    arg [--eh-frame-hdr] ==> ignore
    arg [--hash-style=gnu] ==> ignore
    arg [-dynamic-linker] ==> ignore
    arg [/lib/ld-linux-armhf.so.3] ==> ignore
    arg [-X] ==> ignore
    arg [-m] ==> ignore
    arg [armelf_linux_eabi] ==> ignore
    arg [-pie] ==> ignore
    arg [-o] ==> ignore
    arg [cmTC_bad85] ==> ignore
    arg [/opt/plcnext_axcf2152_sdk_2023/sysroots/cortexa9t2hf-neon-pxc-linux-gnueabi/usr/lib/Scrt1.o] ==> ignore
    arg [/opt/plcnext_axcf2152_sdk_2023/sysroots/cortexa9t2hf-neon-pxc-linux-gnueabi/usr/lib/crti.o] ==> ignore
    arg [/opt/plcnext_axcf2152_sdk_2023/sysroots/cortexa9t2hf-neon-pxc-linux-gnueabi/usr/lib/arm-pxc-linux-gnueabi/11.3.0/crtbeginS.o] ==> ignore
    arg [-L/opt/plcnext_axcf2152_sdk_2023/sysroots/x86_64-pokysdk-linux/usr/lib/arm-pxc-linux-gnueabi/gcc/arm-pxc-linux-gnueabi/11.3.0] ==> dir [/opt/plcnext_axcf2152_sdk_2023/sysroots/x86_64-pokysdk-linux/usr/lib/arm-pxc-linux-gnueabi/gcc/arm-pxc-linux-gnueabi/11.3.0]
    arg [-L/opt/plcnext_axcf2152_sdk_2023/sysroots/cortexa9t2hf-neon-pxc-linux-gnueabi/lib] ==> dir [/opt/plcnext_axcf2152_sdk_2023/sysroots/cortexa9t2hf-neon-pxc-linux-gnueabi/lib]
    arg [-L/opt/plcnext_axcf2152_sdk_2023/sysroots/cortexa9t2hf-neon-pxc-linux-gnueabi/usr/lib/arm-pxc-linux-gnueabi/11.3.0] ==> dir [/opt/plcnext_axcf2152_sdk_2023/sysroots/cortexa9t2hf-neon-pxc-linux-gnueabi/usr/lib/arm-pxc-linux-gnueabi/11.3.0]
    arg [-L/opt/plcnext_axcf2152_sdk_2023/sysroots/cortexa9t2hf-neon-pxc-linux-gnueabi/usr/lib] ==> dir [/opt/plcnext_axcf2152_sdk_2023/sysroots/cortexa9t2hf-neon-pxc-linux-gnueabi/usr/lib]
    arg [CMakeFiles/cmTC_bad85.dir/CMakeCCompilerABI.c.o] ==> ignore
    arg [-lgcc] ==> lib [gcc]
    arg [--push-state] ==> ignore
    arg [--as-needed] ==> ignore
    arg [-lgcc_s] ==> lib [gcc_s]
    arg [--pop-state] ==> ignore
    arg [-lc] ==> lib [c]
    arg [-lgcc] ==> lib [gcc]
    arg [--push-state] ==> ignore
    arg [--as-needed] ==> ignore
    arg [-lgcc_s] ==> lib [gcc_s]
    arg [--pop-state] ==> ignore
    arg [/opt/plcnext_axcf2152_sdk_2023/sysroots/cortexa9t2hf-neon-pxc-linux-gnueabi/usr/lib/arm-pxc-linux-gnueabi/11.3.0/crtendS.o] ==> ignore
    arg [/opt/plcnext_axcf2152_sdk_2023/sysroots/cortexa9t2hf-neon-pxc-linux-gnueabi/usr/lib/crtn.o] ==> ignore
  collapse library dir [/opt/plcnext_axcf2152_sdk_2023/sysroots/x86_64-pokysdk-linux/usr/lib/arm-pxc-linux-gnueabi/gcc/arm-pxc-linux-gnueabi/11.3.0] ==> [/opt/plcnext_axcf2152_sdk_2023/sysroots/x86_64-pokysdk-linux/usr/lib/arm-pxc-linux-gnueabi/gcc/arm-pxc-linux-gnueabi/11.3.0]
  collapse library dir [/opt/plcnext_axcf2152_sdk_2023/sysroots/cortexa9t2hf-neon-pxc-linux-gnueabi/lib] ==> [/opt/plcnext_axcf2152_sdk_2023/sysroots/cortexa9t2hf-neon-pxc-linux-gnueabi/lib]
  collapse library dir [/opt/plcnext_axcf2152_sdk_2023/sysroots/cortexa9t2hf-neon-pxc-linux-gnueabi/usr/lib/arm-pxc-linux-gnueabi/11.3.0] ==> [/opt/plcnext_axcf2152_sdk_2023/sysroots/cortexa9t2hf-neon-pxc-linux-gnueabi/usr/lib/arm-pxc-linux-gnueabi/11.3.0]
  collapse library dir [/opt/plcnext_axcf2152_sdk_2023/sysroots/cortexa9t2hf-neon-pxc-linux-gnueabi/usr/lib] ==> [/opt/plcnext_axcf2152_sdk_2023/sysroots/cortexa9t2hf-neon-pxc-linux-gnueabi/usr/lib]
  implicit libs: [gcc;gcc_s;c;gcc;gcc_s]
  implicit dirs: [/opt/plcnext_axcf2152_sdk_2023/sysroots/x86_64-pokysdk-linux/usr/lib/arm-pxc-linux-gnueabi/gcc/arm-pxc-linux-gnueabi/11.3.0;/opt/plcnext_axcf2152_sdk_2023/sysroots/cortexa9t2hf-neon-pxc-linux-gnueabi/lib;/opt/plcnext_axcf2152_sdk_2023/sysroots/cortexa9t2hf-neon-pxc-linux-gnueabi/usr/lib/arm-pxc-linux-gnueabi/11.3.0;/opt/plcnext_axcf2152_sdk_2023/sysroots/cortexa9t2hf-neon-pxc-linux-gnueabi/usr/lib]
  implicit fwks: []




Detecting C [-std=c11] compiler features compiled with the following output:
Change Dir: /workspaces/PLCnext-DevOps/src/projects/StarterKit/intermediate/cmakeAutoBuild/AXCF2152,23.6.0.43/Release/CMakeFiles/CMakeTmp

Run Build Command:"/usr/bin/gmake" "cmTC_8b2cc/fast"
/usr/bin/gmake -f CMakeFiles/cmTC_8b2cc.dir/build.make CMakeFiles/cmTC_8b2cc.dir/build
gmake[1]: Entering directory '/workspaces/PLCnext-DevOps/src/projects/StarterKit/intermediate/cmakeAutoBuild/AXCF2152,23.6.0.43/Release/CMakeFiles/CMakeTmp'
Building C object CMakeFiles/cmTC_8b2cc.dir/feature_tests.c.o
/opt/plcnext_axcf2152_sdk_2023/sysroots/x86_64-pokysdk-linux/usr/bin/arm-pxc-linux-gnueabi/arm-pxc-linux-gnueabi-gcc --sysroot=/opt/plcnext_axcf2152_sdk_2023/sysroots/cortexa9t2hf-neon-pxc-linux-gnueabi   -mthumb -mfpu=neon -mfloat-abi=hard -mcpu=cortex-a9    -std=c11 -o CMakeFiles/cmTC_8b2cc.dir/feature_tests.c.o   -c /workspaces/PLCnext-DevOps/src/projects/StarterKit/intermediate/cmakeAutoBuild/AXCF2152,23.6.0.43/Release/CMakeFiles/feature_tests.c
Linking C executable cmTC_8b2cc
/opt/plcncli/cmake/bin/cmake -E cmake_link_script CMakeFiles/cmTC_8b2cc.dir/link.txt --verbose=1
/opt/plcnext_axcf2152_sdk_2023/sysroots/x86_64-pokysdk-linux/usr/bin/arm-pxc-linux-gnueabi/arm-pxc-linux-gnueabi-gcc --sysroot=/opt/plcnext_axcf2152_sdk_2023/sysroots/cortexa9t2hf-neon-pxc-linux-gnueabi   -mthumb -mfpu=neon -mfloat-abi=hard -mcpu=cortex-a9    -mthumb -mfpu=neon -mfloat-abi=hard -mcpu=cortex-a9   CMakeFiles/cmTC_8b2cc.dir/feature_tests.c.o  -o cmTC_8b2cc 
gmake[1]: Leaving directory '/workspaces/PLCnext-DevOps/src/projects/StarterKit/intermediate/cmakeAutoBuild/AXCF2152,23.6.0.43/Release/CMakeFiles/CMakeTmp'


    Feature record: C_FEATURE:1c_function_prototypes
    Feature record: C_FEATURE:1c_restrict
    Feature record: C_FEATURE:1c_static_assert
    Feature record: C_FEATURE:1c_variadic_macros


Detecting C [-std=c99] compiler features compiled with the following output:
Change Dir: /workspaces/PLCnext-DevOps/src/projects/StarterKit/intermediate/cmakeAutoBuild/AXCF2152,23.6.0.43/Release/CMakeFiles/CMakeTmp

Run Build Command:"/usr/bin/gmake" "cmTC_9e6f7/fast"
/usr/bin/gmake -f CMakeFiles/cmTC_9e6f7.dir/build.make CMakeFiles/cmTC_9e6f7.dir/build
gmake[1]: Entering directory '/workspaces/PLCnext-DevOps/src/projects/StarterKit/intermediate/cmakeAutoBuild/AXCF2152,23.6.0.43/Release/CMakeFiles/CMakeTmp'
Building C object CMakeFiles/cmTC_9e6f7.dir/feature_tests.c.o
/opt/plcnext_axcf2152_sdk_2023/sysroots/x86_64-pokysdk-linux/usr/bin/arm-pxc-linux-gnueabi/arm-pxc-linux-gnueabi-gcc --sysroot=/opt/plcnext_axcf2152_sdk_2023/sysroots/cortexa9t2hf-neon-pxc-linux-gnueabi   -mthumb -mfpu=neon -mfloat-abi=hard -mcpu=cortex-a9    -std=c99 -o CMakeFiles/cmTC_9e6f7.dir/feature_tests.c.o   -c /workspaces/PLCnext-DevOps/src/projects/StarterKit/intermediate/cmakeAutoBuild/AXCF2152,23.6.0.43/Release/CMakeFiles/feature_tests.c
Linking C executable cmTC_9e6f7
/opt/plcncli/cmake/bin/cmake -E cmake_link_script CMakeFiles/cmTC_9e6f7.dir/link.txt --verbose=1
/opt/plcnext_axcf2152_sdk_2023/sysroots/x86_64-pokysdk-linux/usr/bin/arm-pxc-linux-gnueabi/arm-pxc-linux-gnueabi-gcc --sysroot=/opt/plcnext_axcf2152_sdk_2023/sysroots/cortexa9t2hf-neon-pxc-linux-gnueabi   -mthumb -mfpu=neon -mfloat-abi=hard -mcpu=cortex-a9    -mthumb -mfpu=neon -mfloat-abi=hard -mcpu=cortex-a9   CMakeFiles/cmTC_9e6f7.dir/feature_tests.c.o  -o cmTC_9e6f7 
gmake[1]: Leaving directory '/workspaces/PLCnext-DevOps/src/projects/StarterKit/intermediate/cmakeAutoBuild/AXCF2152,23.6.0.43/Release/CMakeFiles/CMakeTmp'


    Feature record: C_FEATURE:1c_function_prototypes
    Feature record: C_FEATURE:1c_restrict
    Feature record: C_FEATURE:0c_static_assert
    Feature record: C_FEATURE:1c_variadic_macros


Detecting C [-std=c90] compiler features compiled with the following output:
Change Dir: /workspaces/PLCnext-DevOps/src/projects/StarterKit/intermediate/cmakeAutoBuild/AXCF2152,23.6.0.43/Release/CMakeFiles/CMakeTmp

Run Build Command:"/usr/bin/gmake" "cmTC_85768/fast"
/usr/bin/gmake -f CMakeFiles/cmTC_85768.dir/build.make CMakeFiles/cmTC_85768.dir/build
gmake[1]: Entering directory '/workspaces/PLCnext-DevOps/src/projects/StarterKit/intermediate/cmakeAutoBuild/AXCF2152,23.6.0.43/Release/CMakeFiles/CMakeTmp'
Building C object CMakeFiles/cmTC_85768.dir/feature_tests.c.o
/opt/plcnext_axcf2152_sdk_2023/sysroots/x86_64-pokysdk-linux/usr/bin/arm-pxc-linux-gnueabi/arm-pxc-linux-gnueabi-gcc --sysroot=/opt/plcnext_axcf2152_sdk_2023/sysroots/cortexa9t2hf-neon-pxc-linux-gnueabi   -mthumb -mfpu=neon -mfloat-abi=hard -mcpu=cortex-a9    -std=c90 -o CMakeFiles/cmTC_85768.dir/feature_tests.c.o   -c /workspaces/PLCnext-DevOps/src/projects/StarterKit/intermediate/cmakeAutoBuild/AXCF2152,23.6.0.43/Release/CMakeFiles/feature_tests.c
Linking C executable cmTC_85768
/opt/plcncli/cmake/bin/cmake -E cmake_link_script CMakeFiles/cmTC_85768.dir/link.txt --verbose=1
/opt/plcnext_axcf2152_sdk_2023/sysroots/x86_64-pokysdk-linux/usr/bin/arm-pxc-linux-gnueabi/arm-pxc-linux-gnueabi-gcc --sysroot=/opt/plcnext_axcf2152_sdk_2023/sysroots/cortexa9t2hf-neon-pxc-linux-gnueabi   -mthumb -mfpu=neon -mfloat-abi=hard -mcpu=cortex-a9    -mthumb -mfpu=neon -mfloat-abi=hard -mcpu=cortex-a9   CMakeFiles/cmTC_85768.dir/feature_tests.c.o  -o cmTC_85768 
gmake[1]: Leaving directory '/workspaces/PLCnext-DevOps/src/projects/StarterKit/intermediate/cmakeAutoBuild/AXCF2152,23.6.0.43/Release/CMakeFiles/CMakeTmp'


    Feature record: C_FEATURE:1c_function_prototypes
    Feature record: C_FEATURE:0c_restrict
    Feature record: C_FEATURE:0c_static_assert
    Feature record: C_FEATURE:0c_variadic_macros
Determining if the CXX compiler works passed with the following output:
Change Dir: /workspaces/PLCnext-DevOps/src/projects/StarterKit/intermediate/cmakeAutoBuild/AXCF2152,23.6.0.43/Release/CMakeFiles/CMakeTmp

Run Build Command:"/usr/bin/gmake" "cmTC_ba3c2/fast"
/usr/bin/gmake -f CMakeFiles/cmTC_ba3c2.dir/build.make CMakeFiles/cmTC_ba3c2.dir/build
gmake[1]: Entering directory '/workspaces/PLCnext-DevOps/src/projects/StarterKit/intermediate/cmakeAutoBuild/AXCF2152,23.6.0.43/Release/CMakeFiles/CMakeTmp'
Building CXX object CMakeFiles/cmTC_ba3c2.dir/testCXXCompiler.cxx.o
/opt/plcnext_axcf2152_sdk_2023/sysroots/x86_64-pokysdk-linux/usr/bin/arm-pxc-linux-gnueabi/arm-pxc-linux-gnueabi-g++ --sysroot=/opt/plcnext_axcf2152_sdk_2023/sysroots/cortexa9t2hf-neon-pxc-linux-gnueabi    -mthumb -mfpu=neon -mfloat-abi=hard -mcpu=cortex-a9    -std=c++17 -o CMakeFiles/cmTC_ba3c2.dir/testCXXCompiler.cxx.o -c /workspaces/PLCnext-DevOps/src/projects/StarterKit/intermediate/cmakeAutoBuild/AXCF2152,23.6.0.43/Release/CMakeFiles/CMakeTmp/testCXXCompiler.cxx
Linking CXX executable cmTC_ba3c2
/opt/plcncli/cmake/bin/cmake -E cmake_link_script CMakeFiles/cmTC_ba3c2.dir/link.txt --verbose=1
/opt/plcnext_axcf2152_sdk_2023/sysroots/x86_64-pokysdk-linux/usr/bin/arm-pxc-linux-gnueabi/arm-pxc-linux-gnueabi-g++ --sysroot=/opt/plcnext_axcf2152_sdk_2023/sysroots/cortexa9t2hf-neon-pxc-linux-gnueabi    -mthumb -mfpu=neon -mfloat-abi=hard -mcpu=cortex-a9    -mthumb -mfpu=neon -mfloat-abi=hard -mcpu=cortex-a9   CMakeFiles/cmTC_ba3c2.dir/testCXXCompiler.cxx.o  -o cmTC_ba3c2 
gmake[1]: Leaving directory '/workspaces/PLCnext-DevOps/src/projects/StarterKit/intermediate/cmakeAutoBuild/AXCF2152,23.6.0.43/Release/CMakeFiles/CMakeTmp'


Detecting CXX compiler ABI info compiled with the following output:
Change Dir: /workspaces/PLCnext-DevOps/src/projects/StarterKit/intermediate/cmakeAutoBuild/AXCF2152,23.6.0.43/Release/CMakeFiles/CMakeTmp

Run Build Command:"/usr/bin/gmake" "cmTC_85fa7/fast"
/usr/bin/gmake -f CMakeFiles/cmTC_85fa7.dir/build.make CMakeFiles/cmTC_85fa7.dir/build
gmake[1]: Entering directory '/workspaces/PLCnext-DevOps/src/projects/StarterKit/intermediate/cmakeAutoBuild/AXCF2152,23.6.0.43/Release/CMakeFiles/CMakeTmp'
Building CXX object CMakeFiles/cmTC_85fa7.dir/CMakeCXXCompilerABI.cpp.o
/opt/plcnext_axcf2152_sdk_2023/sysroots/x86_64-pokysdk-linux/usr/bin/arm-pxc-linux-gnueabi/arm-pxc-linux-gnueabi-g++ --sysroot=/opt/plcnext_axcf2152_sdk_2023/sysroots/cortexa9t2hf-neon-pxc-linux-gnueabi    -mthumb -mfpu=neon -mfloat-abi=hard -mcpu=cortex-a9    -std=c++17 -o CMakeFiles/cmTC_85fa7.dir/CMakeCXXCompilerABI.cpp.o -c /opt/plcncli/cmake/share/cmake-3.13/Modules/CMakeCXXCompilerABI.cpp
Linking CXX executable cmTC_85fa7
/opt/plcncli/cmake/bin/cmake -E cmake_link_script CMakeFiles/cmTC_85fa7.dir/link.txt --verbose=1
/opt/plcnext_axcf2152_sdk_2023/sysroots/x86_64-pokysdk-linux/usr/bin/arm-pxc-linux-gnueabi/arm-pxc-linux-gnueabi-g++ --sysroot=/opt/plcnext_axcf2152_sdk_2023/sysroots/cortexa9t2hf-neon-pxc-linux-gnueabi    -mthumb -mfpu=neon -mfloat-abi=hard -mcpu=cortex-a9    -mthumb -mfpu=neon -mfloat-abi=hard -mcpu=cortex-a9  -v CMakeFiles/cmTC_85fa7.dir/CMakeCXXCompilerABI.cpp.o  -o cmTC_85fa7 
Using built-in specs.
COLLECT_GCC=/opt/plcnext_axcf2152_sdk_2023/sysroots/x86_64-pokysdk-linux/usr/bin/arm-pxc-linux-gnueabi/arm-pxc-linux-gnueabi-g++
COLLECT_LTO_WRAPPER=/opt/plcnext_axcf2152_sdk_2023/sysroots/x86_64-pokysdk-linux/usr/libexec/arm-pxc-linux-gnueabi/gcc/arm-pxc-linux-gnueabi/11.3.0/lto-wrapper
Target: arm-pxc-linux-gnueabi
Configured with: ../../../../../work-shared/gcc-11.3.0-r0/gcc-11.3.0/configure --build=x86_64-linux --host=x86_64-pokysdk-linux --target=arm-pxc-linux-gnueabi --prefix=/usr/local/oe-sdk-hardcoded-buildpath/sysroots/x86_64-pokysdk-linux/usr --exec_prefix=/usr/local/oe-sdk-hardcoded-buildpath/sysroots/x86_64-pokysdk-linux/usr --bindir=/usr/local/oe-sdk-hardcoded-buildpath/sysroots/x86_64-pokysdk-linux/usr/bin/arm-pxc-linux-gnueabi --sbindir=/usr/local/oe-sdk-hardcoded-buildpath/sysroots/x86_64-pokysdk-linux/usr/bin/arm-pxc-linux-gnueabi --libexecdir=/usr/local/oe-sdk-hardcoded-buildpath/sysroots/x86_64-pokysdk-linux/usr/libexec/arm-pxc-linux-gnueabi --datadir=/usr/local/oe-sdk-hardcoded-buildpath/sysroots/x86_64-pokysdk-linux/usr/share --sysconfdir=/usr/local/oe-sdk-hardcoded-buildpath/sysroots/x86_64-pokysdk-linux/etc --sharedstatedir=/usr/local/oe-sdk-hardcoded-buildpath/sysroots/x86_64-pokysdk-linux/com --localstatedir=/usr/local/oe-sdk-hardcoded-buildpath/sysroots/x86_64-pokysdk-linux/var --libdir=/usr/local/oe-sdk-hardcoded-buildpath/sysroots/x86_64-pokysdk-linux/usr/lib/arm-pxc-linux-gnueabi --includedir=/usr/local/oe-sdk-hardcoded-buildpath/sysroots/x86_64-pokysdk-linux/usr/include --oldincludedir=/usr/local/oe-sdk-hardcoded-buildpath/sysroots/x86_64-pokysdk-linux/usr/include --infodir=/usr/local/oe-sdk-hardcoded-buildpath/sysroots/x86_64-pokysdk-linux/usr/share/info --mandir=/usr/local/oe-sdk-hardcoded-buildpath/sysroots/x86_64-pokysdk-linux/usr/share/man --disable-silent-rules --disable-dependency-tracking --with-libtool-sysroot=/yocto/jenkins/workspace/to_Targets_Yocto_AXCF1152_master/axcf2152_build/tmp/work/x86_64-nativesdk-pokysdk-linux/gcc-cross-canadian-arm/11.3.0-r0/recipe-sysroot --with-gnu-ld --enable-shared --enable-languages=c,c++ --enable-threads=posix --enable-multilib --enable-default-pie --enable-c99 --enable-long-long --enable-symvers=gnu --enable-libstdcxx-pch --program-prefix=arm-pxc-linux-gnueabi- --without-local-prefix --disable-install-libiberty --disable-libssp --enable-libitm --enable-lto --disable-bootstrap --with-system-zlib --with-linker-hash-style=gnu --enable-linker-build-id --with-ppl=no --with-cloog=no --enable-checking=release --enable-cheaders=c_global --without-isl --with-gxx-include-dir=/not/exist/usr/include/c++/11.3.0 --with-build-time-tools=/yocto/jenkins/workspace/to_Targets_Yocto_AXCF1152_master/axcf2152_build/tmp/work/x86_64-nativesdk-pokysdk-linux/gcc-cross-canadian-arm/11.3.0-r0/recipe-sysroot-native/usr/arm-pxc-linux-gnueabi/bin --with-sysroot=/not/exist --with-build-sysroot=/yocto/jenkins/workspace/to_Targets_Yocto_AXCF1152_master/axcf2152_build/tmp/work/x86_64-nativesdk-pokysdk-linux/gcc-cross-canadian-arm/11.3.0-r0/recipe-sysroot --enable-standard-branch-protection --with-plugin-ld=ld --enable-poison-system-directories --disable-static --enable-nls --with-glibc-version=2.28 --enable-initfini-array
Thread model: posix
Supported LTO compression algorithms: zlib zstd
gcc version 11.3.0 (GCC) 
COMPILER_PATH=/opt/plcnext_axcf2152_sdk_2023/sysroots/x86_64-pokysdk-linux/usr/libexec/arm-pxc-linux-gnueabi/gcc/arm-pxc-linux-gnueabi/11.3.0/:/opt/plcnext_axcf2152_sdk_2023/sysroots/x86_64-pokysdk-linux/usr/libexec/arm-pxc-linux-gnueabi/gcc/arm-pxc-linux-gnueabi/11.3.0/:/opt/plcnext_axcf2152_sdk_2023/sysroots/x86_64-pokysdk-linux/usr/libexec/arm-pxc-linux-gnueabi/gcc/arm-pxc-linux-gnueabi/:/opt/plcnext_axcf2152_sdk_2023/sysroots/x86_64-pokysdk-linux/usr/lib/arm-pxc-linux-gnueabi/gcc/arm-pxc-linux-gnueabi/11.3.0/:/opt/plcnext_axcf2152_sdk_2023/sysroots/x86_64-pokysdk-linux/usr/lib/arm-pxc-linux-gnueabi/gcc/arm-pxc-linux-gnueabi/
LIBRARY_PATH=/opt/plcnext_axcf2152_sdk_2023/sysroots/x86_64-pokysdk-linux/usr/lib/arm-pxc-linux-gnueabi/gcc/arm-pxc-linux-gnueabi/11.3.0/:/opt/plcnext_axcf2152_sdk_2023/sysroots/cortexa9t2hf-neon-pxc-linux-gnueabi/lib/:/opt/plcnext_axcf2152_sdk_2023/sysroots/cortexa9t2hf-neon-pxc-linux-gnueabi/usr/lib/arm-pxc-linux-gnueabi/11.3.0/:/opt/plcnext_axcf2152_sdk_2023/sysroots/cortexa9t2hf-neon-pxc-linux-gnueabi/usr/lib/
COLLECT_GCC_OPTIONS='-mfpu=neon' '-mfloat-abi=hard' '-mthumb' '-mfpu=neon' '-mfloat-abi=hard' '-mcpu=cortex-a9' '-v' '-o' 'cmTC_85fa7' '-shared-libgcc' '-mtls-dialect=gnu' '-mlibarch=armv7-a+mp+sec+simd' '-march=armv7-a+mp+sec+simd' '-dumpdir' 'cmTC_85fa7.'
 /opt/plcnext_axcf2152_sdk_2023/sysroots/x86_64-pokysdk-linux/usr/libexec/arm-pxc-linux-gnueabi/gcc/arm-pxc-linux-gnueabi/11.3.0/collect2 -plugin /opt/plcnext_axcf2152_sdk_2023/sysroots/x86_64-pokysdk-linux/usr/libexec/arm-pxc-linux-gnueabi/gcc/arm-pxc-linux-gnueabi/11.3.0/liblto_plugin.so -plugin-opt=/opt/plcnext_axcf2152_sdk_2023/sysroots/x86_64-pokysdk-linux/usr/libexec/arm-pxc-linux-gnueabi/gcc/arm-pxc-linux-gnueabi/11.3.0/lto-wrapper -plugin-opt=-fresolution=/tmp/ccp5RvC9.res -plugin-opt=-pass-through=-lgcc_s -plugin-opt=-pass-through=-lgcc -plugin-opt=-pass-through=-lc -plugin-opt=-pass-through=-lgcc_s -plugin-opt=-pass-through=-lgcc --sysroot=/opt/plcnext_axcf2152_sdk_2023/sysroots/cortexa9t2hf-neon-pxc-linux-gnueabi --build-id --eh-frame-hdr --hash-style=gnu -dynamic-linker /lib/ld-linux-armhf.so.3 -X -m armelf_linux_eabi -pie -o cmTC_85fa7 /opt/plcnext_axcf2152_sdk_2023/sysroots/cortexa9t2hf-neon-pxc-linux-gnueabi/usr/lib/Scrt1.o /opt/plcnext_axcf2152_sdk_2023/sysroots/cortexa9t2hf-neon-pxc-linux-gnueabi/usr/lib/crti.o /opt/plcnext_axcf2152_sdk_2023/sysroots/cortexa9t2hf-neon-pxc-linux-gnueabi/usr/lib/arm-pxc-linux-gnueabi/11.3.0/crtbeginS.o -L/opt/plcnext_axcf2152_sdk_2023/sysroots/x86_64-pokysdk-linux/usr/lib/arm-pxc-linux-gnueabi/gcc/arm-pxc-linux-gnueabi/11.3.0 -L/opt/plcnext_axcf2152_sdk_2023/sysroots/cortexa9t2hf-neon-pxc-linux-gnueabi/lib -L/opt/plcnext_axcf2152_sdk_2023/sysroots/cortexa9t2hf-neon-pxc-linux-gnueabi/usr/lib/arm-pxc-linux-gnueabi/11.3.0 -L/opt/plcnext_axcf2152_sdk_2023/sysroots/cortexa9t2hf-neon-pxc-linux-gnueabi/usr/lib CMakeFiles/cmTC_85fa7.dir/CMakeCXXCompilerABI.cpp.o -lstdc++ -lm -lgcc_s -lgcc -lc -lgcc_s -lgcc /opt/plcnext_axcf2152_sdk_2023/sysroots/cortexa9t2hf-neon-pxc-linux-gnueabi/usr/lib/arm-pxc-linux-gnueabi/11.3.0/crtendS.o /opt/plcnext_axcf2152_sdk_2023/sysroots/cortexa9t2hf-neon-pxc-linux-gnueabi/usr/lib/crtn.o
COLLECT_GCC_OPTIONS='-mfpu=neon' '-mfloat-abi=hard' '-mthumb' '-mfpu=neon' '-mfloat-abi=hard' '-mcpu=cortex-a9' '-v' '-o' 'cmTC_85fa7' '-shared-libgcc' '-mtls-dialect=gnu' '-mlibarch=armv7-a+mp+sec+simd' '-march=armv7-a+mp+sec+simd' '-dumpdir' 'cmTC_85fa7.'
gmake[1]: Leaving directory '/workspaces/PLCnext-DevOps/src/projects/StarterKit/intermediate/cmakeAutoBuild/AXCF2152,23.6.0.43/Release/CMakeFiles/CMakeTmp'


Parsed CXX implicit link information from above output:
  link line regex: [^( *|.*[/\])(arm-pxc-linux-gnueabi-ld|CMAKE_LINK_STARTFILE-NOTFOUND|([^/\]+-)?ld|collect2)[^/\]*( |$)]
  ignore line: [Change Dir: /workspaces/PLCnext-DevOps/src/projects/StarterKit/intermediate/cmakeAutoBuild/AXCF2152,23.6.0.43/Release/CMakeFiles/CMakeTmp]
  ignore line: []
  ignore line: [Run Build Command:"/usr/bin/gmake" "cmTC_85fa7/fast"]
  ignore line: [/usr/bin/gmake -f CMakeFiles/cmTC_85fa7.dir/build.make CMakeFiles/cmTC_85fa7.dir/build]
  ignore line: [gmake[1]: Entering directory '/workspaces/PLCnext-DevOps/src/projects/StarterKit/intermediate/cmakeAutoBuild/AXCF2152,23.6.0.43/Release/CMakeFiles/CMakeTmp']
  ignore line: [Building CXX object CMakeFiles/cmTC_85fa7.dir/CMakeCXXCompilerABI.cpp.o]
  ignore line: [/opt/plcnext_axcf2152_sdk_2023/sysroots/x86_64-pokysdk-linux/usr/bin/arm-pxc-linux-gnueabi/arm-pxc-linux-gnueabi-g++ --sysroot=/opt/plcnext_axcf2152_sdk_2023/sysroots/cortexa9t2hf-neon-pxc-linux-gnueabi    -mthumb -mfpu=neon -mfloat-abi=hard -mcpu=cortex-a9    -std=c++17 -o CMakeFiles/cmTC_85fa7.dir/CMakeCXXCompilerABI.cpp.o -c /opt/plcncli/cmake/share/cmake-3.13/Modules/CMakeCXXCompilerABI.cpp]
  ignore line: [Linking CXX executable cmTC_85fa7]
  ignore line: [/opt/plcncli/cmake/bin/cmake -E cmake_link_script CMakeFiles/cmTC_85fa7.dir/link.txt --verbose=1]
  ignore line: [/opt/plcnext_axcf2152_sdk_2023/sysroots/x86_64-pokysdk-linux/usr/bin/arm-pxc-linux-gnueabi/arm-pxc-linux-gnueabi-g++ --sysroot=/opt/plcnext_axcf2152_sdk_2023/sysroots/cortexa9t2hf-neon-pxc-linux-gnueabi    -mthumb -mfpu=neon -mfloat-abi=hard -mcpu=cortex-a9    -mthumb -mfpu=neon -mfloat-abi=hard -mcpu=cortex-a9  -v CMakeFiles/cmTC_85fa7.dir/CMakeCXXCompilerABI.cpp.o  -o cmTC_85fa7 ]
  ignore line: [Using built-in specs.]
  ignore line: [COLLECT_GCC=/opt/plcnext_axcf2152_sdk_2023/sysroots/x86_64-pokysdk-linux/usr/bin/arm-pxc-linux-gnueabi/arm-pxc-linux-gnueabi-g++]
  ignore line: [COLLECT_LTO_WRAPPER=/opt/plcnext_axcf2152_sdk_2023/sysroots/x86_64-pokysdk-linux/usr/libexec/arm-pxc-linux-gnueabi/gcc/arm-pxc-linux-gnueabi/11.3.0/lto-wrapper]
  ignore line: [Target: arm-pxc-linux-gnueabi]
  ignore line: [Configured with: ../../../../../work-shared/gcc-11.3.0-r0/gcc-11.3.0/configure --build=x86_64-linux --host=x86_64-pokysdk-linux --target=arm-pxc-linux-gnueabi --prefix=/usr/local/oe-sdk-hardcoded-buildpath/sysroots/x86_64-pokysdk-linux/usr --exec_prefix=/usr/local/oe-sdk-hardcoded-buildpath/sysroots/x86_64-pokysdk-linux/usr --bindir=/usr/local/oe-sdk-hardcoded-buildpath/sysroots/x86_64-pokysdk-linux/usr/bin/arm-pxc-linux-gnueabi --sbindir=/usr/local/oe-sdk-hardcoded-buildpath/sysroots/x86_64-pokysdk-linux/usr/bin/arm-pxc-linux-gnueabi --libexecdir=/usr/local/oe-sdk-hardcoded-buildpath/sysroots/x86_64-pokysdk-linux/usr/libexec/arm-pxc-linux-gnueabi --datadir=/usr/local/oe-sdk-hardcoded-buildpath/sysroots/x86_64-pokysdk-linux/usr/share --sysconfdir=/usr/local/oe-sdk-hardcoded-buildpath/sysroots/x86_64-pokysdk-linux/etc --sharedstatedir=/usr/local/oe-sdk-hardcoded-buildpath/sysroots/x86_64-pokysdk-linux/com --localstatedir=/usr/local/oe-sdk-hardcoded-buildpath/sysroots/x86_64-pokysdk-linux/var --libdir=/usr/local/oe-sdk-hardcoded-buildpath/sysroots/x86_64-pokysdk-linux/usr/lib/arm-pxc-linux-gnueabi --includedir=/usr/local/oe-sdk-hardcoded-buildpath/sysroots/x86_64-pokysdk-linux/usr/include --oldincludedir=/usr/local/oe-sdk-hardcoded-buildpath/sysroots/x86_64-pokysdk-linux/usr/include --infodir=/usr/local/oe-sdk-hardcoded-buildpath/sysroots/x86_64-pokysdk-linux/usr/share/info --mandir=/usr/local/oe-sdk-hardcoded-buildpath/sysroots/x86_64-pokysdk-linux/usr/share/man --disable-silent-rules --disable-dependency-tracking --with-libtool-sysroot=/yocto/jenkins/workspace/to_Targets_Yocto_AXCF1152_master/axcf2152_build/tmp/work/x86_64-nativesdk-pokysdk-linux/gcc-cross-canadian-arm/11.3.0-r0/recipe-sysroot --with-gnu-ld --enable-shared --enable-languages=c,c++ --enable-threads=posix --enable-multilib --enable-default-pie --enable-c99 --enable-long-long --enable-symvers=gnu --enable-libstdcxx-pch --program-prefix=arm-pxc-linux-gnueabi- --without-local-prefix --disable-install-libiberty --disable-libssp --enable-libitm --enable-lto --disable-bootstrap --with-system-zlib --with-linker-hash-style=gnu --enable-linker-build-id --with-ppl=no --with-cloog=no --enable-checking=release --enable-cheaders=c_global --without-isl --with-gxx-include-dir=/not/exist/usr/include/c++/11.3.0 --with-build-time-tools=/yocto/jenkins/workspace/to_Targets_Yocto_AXCF1152_master/axcf2152_build/tmp/work/x86_64-nativesdk-pokysdk-linux/gcc-cross-canadian-arm/11.3.0-r0/recipe-sysroot-native/usr/arm-pxc-linux-gnueabi/bin --with-sysroot=/not/exist --with-build-sysroot=/yocto/jenkins/workspace/to_Targets_Yocto_AXCF1152_master/axcf2152_build/tmp/work/x86_64-nativesdk-pokysdk-linux/gcc-cross-canadian-arm/11.3.0-r0/recipe-sysroot --enable-standard-branch-protection --with-plugin-ld=ld --enable-poison-system-directories --disable-static --enable-nls --with-glibc-version=2.28 --enable-initfini-array]
  ignore line: [Thread model: posix]
  ignore line: [Supported LTO compression algorithms: zlib zstd]
  ignore line: [gcc version 11.3.0 (GCC) ]
  ignore line: [COMPILER_PATH=/opt/plcnext_axcf2152_sdk_2023/sysroots/x86_64-pokysdk-linux/usr/libexec/arm-pxc-linux-gnueabi/gcc/arm-pxc-linux-gnueabi/11.3.0/:/opt/plcnext_axcf2152_sdk_2023/sysroots/x86_64-pokysdk-linux/usr/libexec/arm-pxc-linux-gnueabi/gcc/arm-pxc-linux-gnueabi/11.3.0/:/opt/plcnext_axcf2152_sdk_2023/sysroots/x86_64-pokysdk-linux/usr/libexec/arm-pxc-linux-gnueabi/gcc/arm-pxc-linux-gnueabi/:/opt/plcnext_axcf2152_sdk_2023/sysroots/x86_64-pokysdk-linux/usr/lib/arm-pxc-linux-gnueabi/gcc/arm-pxc-linux-gnueabi/11.3.0/:/opt/plcnext_axcf2152_sdk_2023/sysroots/x86_64-pokysdk-linux/usr/lib/arm-pxc-linux-gnueabi/gcc/arm-pxc-linux-gnueabi/]
  ignore line: [LIBRARY_PATH=/opt/plcnext_axcf2152_sdk_2023/sysroots/x86_64-pokysdk-linux/usr/lib/arm-pxc-linux-gnueabi/gcc/arm-pxc-linux-gnueabi/11.3.0/:/opt/plcnext_axcf2152_sdk_2023/sysroots/cortexa9t2hf-neon-pxc-linux-gnueabi/lib/:/opt/plcnext_axcf2152_sdk_2023/sysroots/cortexa9t2hf-neon-pxc-linux-gnueabi/usr/lib/arm-pxc-linux-gnueabi/11.3.0/:/opt/plcnext_axcf2152_sdk_2023/sysroots/cortexa9t2hf-neon-pxc-linux-gnueabi/usr/lib/]
  ignore line: [COLLECT_GCC_OPTIONS='-mfpu=neon' '-mfloat-abi=hard' '-mthumb' '-mfpu=neon' '-mfloat-abi=hard' '-mcpu=cortex-a9' '-v' '-o' 'cmTC_85fa7' '-shared-libgcc' '-mtls-dialect=gnu' '-mlibarch=armv7-a+mp+sec+simd' '-march=armv7-a+mp+sec+simd' '-dumpdir' 'cmTC_85fa7.']
  link line: [ /opt/plcnext_axcf2152_sdk_2023/sysroots/x86_64-pokysdk-linux/usr/libexec/arm-pxc-linux-gnueabi/gcc/arm-pxc-linux-gnueabi/11.3.0/collect2 -plugin /opt/plcnext_axcf2152_sdk_2023/sysroots/x86_64-pokysdk-linux/usr/libexec/arm-pxc-linux-gnueabi/gcc/arm-pxc-linux-gnueabi/11.3.0/liblto_plugin.so -plugin-opt=/opt/plcnext_axcf2152_sdk_2023/sysroots/x86_64-pokysdk-linux/usr/libexec/arm-pxc-linux-gnueabi/gcc/arm-pxc-linux-gnueabi/11.3.0/lto-wrapper -plugin-opt=-fresolution=/tmp/ccp5RvC9.res -plugin-opt=-pass-through=-lgcc_s -plugin-opt=-pass-through=-lgcc -plugin-opt=-pass-through=-lc -plugin-opt=-pass-through=-lgcc_s -plugin-opt=-pass-through=-lgcc --sysroot=/opt/plcnext_axcf2152_sdk_2023/sysroots/cortexa9t2hf-neon-pxc-linux-gnueabi --build-id --eh-frame-hdr --hash-style=gnu -dynamic-linker /lib/ld-linux-armhf.so.3 -X -m armelf_linux_eabi -pie -o cmTC_85fa7 /opt/plcnext_axcf2152_sdk_2023/sysroots/cortexa9t2hf-neon-pxc-linux-gnueabi/usr/lib/Scrt1.o /opt/plcnext_axcf2152_sdk_2023/sysroots/cortexa9t2hf-neon-pxc-linux-gnueabi/usr/lib/crti.o /opt/plcnext_axcf2152_sdk_2023/sysroots/cortexa9t2hf-neon-pxc-linux-gnueabi/usr/lib/arm-pxc-linux-gnueabi/11.3.0/crtbeginS.o -L/opt/plcnext_axcf2152_sdk_2023/sysroots/x86_64-pokysdk-linux/usr/lib/arm-pxc-linux-gnueabi/gcc/arm-pxc-linux-gnueabi/11.3.0 -L/opt/plcnext_axcf2152_sdk_2023/sysroots/cortexa9t2hf-neon-pxc-linux-gnueabi/lib -L/opt/plcnext_axcf2152_sdk_2023/sysroots/cortexa9t2hf-neon-pxc-linux-gnueabi/usr/lib/arm-pxc-linux-gnueabi/11.3.0 -L/opt/plcnext_axcf2152_sdk_2023/sysroots/cortexa9t2hf-neon-pxc-linux-gnueabi/usr/lib CMakeFiles/cmTC_85fa7.dir/CMakeCXXCompilerABI.cpp.o -lstdc++ -lm -lgcc_s -lgcc -lc -lgcc_s -lgcc /opt/plcnext_axcf2152_sdk_2023/sysroots/cortexa9t2hf-neon-pxc-linux-gnueabi/usr/lib/arm-pxc-linux-gnueabi/11.3.0/crtendS.o /opt/plcnext_axcf2152_sdk_2023/sysroots/cortexa9t2hf-neon-pxc-linux-gnueabi/usr/lib/crtn.o]
    arg [/opt/plcnext_axcf2152_sdk_2023/sysroots/x86_64-pokysdk-linux/usr/libexec/arm-pxc-linux-gnueabi/gcc/arm-pxc-linux-gnueabi/11.3.0/collect2] ==> ignore
    arg [-plugin] ==> ignore
    arg [/opt/plcnext_axcf2152_sdk_2023/sysroots/x86_64-pokysdk-linux/usr/libexec/arm-pxc-linux-gnueabi/gcc/arm-pxc-linux-gnueabi/11.3.0/liblto_plugin.so] ==> ignore
    arg [-plugin-opt=/opt/plcnext_axcf2152_sdk_2023/sysroots/x86_64-pokysdk-linux/usr/libexec/arm-pxc-linux-gnueabi/gcc/arm-pxc-linux-gnueabi/11.3.0/lto-wrapper] ==> ignore
    arg [-plugin-opt=-fresolution=/tmp/ccp5RvC9.res] ==> ignore
    arg [-plugin-opt=-pass-through=-lgcc_s] ==> ignore
    arg [-plugin-opt=-pass-through=-lgcc] ==> ignore
    arg [-plugin-opt=-pass-through=-lc] ==> ignore
    arg [-plugin-opt=-pass-through=-lgcc_s] ==> ignore
    arg [-plugin-opt=-pass-through=-lgcc] ==> ignore
    arg [--sysroot=/opt/plcnext_axcf2152_sdk_2023/sysroots/cortexa9t2hf-neon-pxc-linux-gnueabi] ==> ignore
    arg [--build-id] ==> ignore
    arg [--eh-frame-hdr] ==> ignore
    arg [--hash-style=gnu] ==> ignore
    arg [-dynamic-linker] ==> ignore
    arg [/lib/ld-linux-armhf.so.3] ==> ignore
    arg [-X] ==> ignore
    arg [-m] ==> ignore
    arg [armelf_linux_eabi] ==> ignore
    arg [-pie] ==> ignore
    arg [-o] ==> ignore
    arg [cmTC_85fa7] ==> ignore
    arg [/opt/plcnext_axcf2152_sdk_2023/sysroots/cortexa9t2hf-neon-pxc-linux-gnueabi/usr/lib/Scrt1.o] ==> ignore
    arg [/opt/plcnext_axcf2152_sdk_2023/sysroots/cortexa9t2hf-neon-pxc-linux-gnueabi/usr/lib/crti.o] ==> ignore
    arg [/opt/plcnext_axcf2152_sdk_2023/sysroots/cortexa9t2hf-neon-pxc-linux-gnueabi/usr/lib/arm-pxc-linux-gnueabi/11.3.0/crtbeginS.o] ==> ignore
    arg [-L/opt/plcnext_axcf2152_sdk_2023/sysroots/x86_64-pokysdk-linux/usr/lib/arm-pxc-linux-gnueabi/gcc/arm-pxc-linux-gnueabi/11.3.0] ==> dir [/opt/plcnext_axcf2152_sdk_2023/sysroots/x86_64-pokysdk-linux/usr/lib/arm-pxc-linux-gnueabi/gcc/arm-pxc-linux-gnueabi/11.3.0]
    arg [-L/opt/plcnext_axcf2152_sdk_2023/sysroots/cortexa9t2hf-neon-pxc-linux-gnueabi/lib] ==> dir [/opt/plcnext_axcf2152_sdk_2023/sysroots/cortexa9t2hf-neon-pxc-linux-gnueabi/lib]
    arg [-L/opt/plcnext_axcf2152_sdk_2023/sysroots/cortexa9t2hf-neon-pxc-linux-gnueabi/usr/lib/arm-pxc-linux-gnueabi/11.3.0] ==> dir [/opt/plcnext_axcf2152_sdk_2023/sysroots/cortexa9t2hf-neon-pxc-linux-gnueabi/usr/lib/arm-pxc-linux-gnueabi/11.3.0]
    arg [-L/opt/plcnext_axcf2152_sdk_2023/sysroots/cortexa9t2hf-neon-pxc-linux-gnueabi/usr/lib] ==> dir [/opt/plcnext_axcf2152_sdk_2023/sysroots/cortexa9t2hf-neon-pxc-linux-gnueabi/usr/lib]
    arg [CMakeFiles/cmTC_85fa7.dir/CMakeCXXCompilerABI.cpp.o] ==> ignore
    arg [-lstdc++] ==> lib [stdc++]
    arg [-lm] ==> lib [m]
    arg [-lgcc_s] ==> lib [gcc_s]
    arg [-lgcc] ==> lib [gcc]
    arg [-lc] ==> lib [c]
    arg [-lgcc_s] ==> lib [gcc_s]
    arg [-lgcc] ==> lib [gcc]
    arg [/opt/plcnext_axcf2152_sdk_2023/sysroots/cortexa9t2hf-neon-pxc-linux-gnueabi/usr/lib/arm-pxc-linux-gnueabi/11.3.0/crtendS.o] ==> ignore
    arg [/opt/plcnext_axcf2152_sdk_2023/sysroots/cortexa9t2hf-neon-pxc-linux-gnueabi/usr/lib/crtn.o] ==> ignore
  collapse library dir [/opt/plcnext_axcf2152_sdk_2023/sysroots/x86_64-pokysdk-linux/usr/lib/arm-pxc-linux-gnueabi/gcc/arm-pxc-linux-gnueabi/11.3.0] ==> [/opt/plcnext_axcf2152_sdk_2023/sysroots/x86_64-pokysdk-linux/usr/lib/arm-pxc-linux-gnueabi/gcc/arm-pxc-linux-gnueabi/11.3.0]
  collapse library dir [/opt/plcnext_axcf2152_sdk_2023/sysroots/cortexa9t2hf-neon-pxc-linux-gnueabi/lib] ==> [/opt/plcnext_axcf2152_sdk_2023/sysroots/cortexa9t2hf-neon-pxc-linux-gnueabi/lib]
  collapse library dir [/opt/plcnext_axcf2152_sdk_2023/sysroots/cortexa9t2hf-neon-pxc-linux-gnueabi/usr/lib/arm-pxc-linux-gnueabi/11.3.0] ==> [/opt/plcnext_axcf2152_sdk_2023/sysroots/cortexa9t2hf-neon-pxc-linux-gnueabi/usr/lib/arm-pxc-linux-gnueabi/11.3.0]
  collapse library dir [/opt/plcnext_axcf2152_sdk_2023/sysroots/cortexa9t2hf-neon-pxc-linux-gnueabi/usr/lib] ==> [/opt/plcnext_axcf2152_sdk_2023/sysroots/cortexa9t2hf-neon-pxc-linux-gnueabi/usr/lib]
  implicit libs: [stdc++;m;gcc_s;gcc;c;gcc_s;gcc]
  implicit dirs: [/opt/plcnext_axcf2152_sdk_2023/sysroots/x86_64-pokysdk-linux/usr/lib/arm-pxc-linux-gnueabi/gcc/arm-pxc-linux-gnueabi/11.3.0;/opt/plcnext_axcf2152_sdk_2023/sysroots/cortexa9t2hf-neon-pxc-linux-gnueabi/lib;/opt/plcnext_axcf2152_sdk_2023/sysroots/cortexa9t2hf-neon-pxc-linux-gnueabi/usr/lib/arm-pxc-linux-gnueabi/11.3.0;/opt/plcnext_axcf2152_sdk_2023/sysroots/cortexa9t2hf-neon-pxc-linux-gnueabi/usr/lib]
  implicit fwks: []




Detecting CXX [-std=c++2a] compiler features compiled with the following output:
Change Dir: /workspaces/PLCnext-DevOps/src/projects/StarterKit/intermediate/cmakeAutoBuild/AXCF2152,23.6.0.43/Release/CMakeFiles/CMakeTmp

Run Build Command:"/usr/bin/gmake" "cmTC_c16a6/fast"
/usr/bin/gmake -f CMakeFiles/cmTC_c16a6.dir/build.make CMakeFiles/cmTC_c16a6.dir/build
gmake[1]: Entering directory '/workspaces/PLCnext-DevOps/src/projects/StarterKit/intermediate/cmakeAutoBuild/AXCF2152,23.6.0.43/Release/CMakeFiles/CMakeTmp'
Building CXX object CMakeFiles/cmTC_c16a6.dir/feature_tests.cxx.o
/opt/plcnext_axcf2152_sdk_2023/sysroots/x86_64-pokysdk-linux/usr/bin/arm-pxc-linux-gnueabi/arm-pxc-linux-gnueabi-g++ --sysroot=/opt/plcnext_axcf2152_sdk_2023/sysroots/cortexa9t2hf-neon-pxc-linux-gnueabi    -mthumb -mfpu=neon -mfloat-abi=hard -mcpu=cortex-a9    -std=c++2a -std=c++17 -o CMakeFiles/cmTC_c16a6.dir/feature_tests.cxx.o -c /workspaces/PLCnext-DevOps/src/projects/StarterKit/intermediate/cmakeAutoBuild/AXCF2152,23.6.0.43/Release/CMakeFiles/feature_tests.cxx
Linking CXX executable cmTC_c16a6
/opt/plcncli/cmake/bin/cmake -E cmake_link_script CMakeFiles/cmTC_c16a6.dir/link.txt --verbose=1
/opt/plcnext_axcf2152_sdk_2023/sysroots/x86_64-pokysdk-linux/usr/bin/arm-pxc-linux-gnueabi/arm-pxc-linux-gnueabi-g++ --sysroot=/opt/plcnext_axcf2152_sdk_2023/sysroots/cortexa9t2hf-neon-pxc-linux-gnueabi    -mthumb -mfpu=neon -mfloat-abi=hard -mcpu=cortex-a9    -mthumb -mfpu=neon -mfloat-abi=hard -mcpu=cortex-a9   CMakeFiles/cmTC_c16a6.dir/feature_tests.cxx.o  -o cmTC_c16a6 
gmake[1]: Leaving directory '/workspaces/PLCnext-DevOps/src/projects/StarterKit/intermediate/cmakeAutoBuild/AXCF2152,23.6.0.43/Release/CMakeFiles/CMakeTmp'


    Feature record: CXX_FEATURE:1cxx_aggregate_default_initializers
    Feature record: CXX_FEATURE:1cxx_alias_templates
    Feature record: CXX_FEATURE:1cxx_alignas
    Feature record: CXX_FEATURE:1cxx_alignof
    Feature record: CXX_FEATURE:1cxx_attributes
    Feature record: CXX_FEATURE:1cxx_attribute_deprecated
    Feature record: CXX_FEATURE:1cxx_auto_type
    Feature record: CXX_FEATURE:1cxx_binary_literals
    Feature record: CXX_FEATURE:1cxx_constexpr
    Feature record: CXX_FEATURE:1cxx_contextual_conversions
    Feature record: CXX_FEATURE:1cxx_decltype
    Feature record: CXX_FEATURE:1cxx_decltype_auto
    Feature record: CXX_FEATURE:1cxx_decltype_incomplete_return_types
    Feature record: CXX_FEATURE:1cxx_default_function_template_args
    Feature record: CXX_FEATURE:1cxx_defaulted_functions
    Feature record: CXX_FEATURE:1cxx_defaulted_move_initializers
    Feature record: CXX_FEATURE:1cxx_delegating_constructors
    Feature record: CXX_FEATURE:1cxx_deleted_functions
    Feature record: CXX_FEATURE:1cxx_digit_separators
    Feature record: CXX_FEATURE:1cxx_enum_forward_declarations
    Feature record: CXX_FEATURE:1cxx_explicit_conversions
    Feature record: CXX_FEATURE:1cxx_extended_friend_declarations
    Feature record: CXX_FEATURE:1cxx_extern_templates
    Feature record: CXX_FEATURE:1cxx_final
    Feature record: CXX_FEATURE:1cxx_func_identifier
    Feature record: CXX_FEATURE:1cxx_generalized_initializers
    Feature record: CXX_FEATURE:1cxx_generic_lambdas
    Feature record: CXX_FEATURE:1cxx_inheriting_constructors
    Feature record: CXX_FEATURE:1cxx_inline_namespaces
    Feature record: CXX_FEATURE:1cxx_lambdas
    Feature record: CXX_FEATURE:1cxx_lambda_init_captures
    Feature record: CXX_FEATURE:1cxx_local_type_template_args
    Feature record: CXX_FEATURE:1cxx_long_long_type
    Feature record: CXX_FEATURE:1cxx_noexcept
    Feature record: CXX_FEATURE:1cxx_nonstatic_member_init
    Feature record: CXX_FEATURE:1cxx_nullptr
    Feature record: CXX_FEATURE:1cxx_override
    Feature record: CXX_FEATURE:1cxx_range_for
    Feature record: CXX_FEATURE:1cxx_raw_string_literals
    Feature record: CXX_FEATURE:1cxx_reference_qualified_functions
    Feature record: CXX_FEATURE:1cxx_relaxed_constexpr
    Feature record: CXX_FEATURE:1cxx_return_type_deduction
    Feature record: CXX_FEATURE:1cxx_right_angle_brackets
    Feature record: CXX_FEATURE:1cxx_rvalue_references
    Feature record: CXX_FEATURE:1cxx_sizeof_member
    Feature record: CXX_FEATURE:1cxx_static_assert
    Feature record: CXX_FEATURE:1cxx_strong_enums
    Feature record: CXX_FEATURE:1cxx_template_template_parameters
    Feature record: CXX_FEATURE:1cxx_thread_local
    Feature record: CXX_FEATURE:1cxx_trailing_return_types
    Feature record: CXX_FEATURE:1cxx_unicode_literals
    Feature record: CXX_FEATURE:1cxx_uniform_initialization
    Feature record: CXX_FEATURE:1cxx_unrestricted_unions
    Feature record: CXX_FEATURE:1cxx_user_literals
    Feature record: CXX_FEATURE:1cxx_variable_templates
    Feature record: CXX_FEATURE:1cxx_variadic_macros
    Feature record: CXX_FEATURE:1cxx_variadic_templates


Detecting CXX [-std=c++17] compiler features compiled with the following output:
Change Dir: /workspaces/PLCnext-DevOps/src/projects/StarterKit/intermediate/cmakeAutoBuild/AXCF2152,23.6.0.43/Release/CMakeFiles/CMakeTmp

Run Build Command:"/usr/bin/gmake" "cmTC_a707e/fast"
/usr/bin/gmake -f CMakeFiles/cmTC_a707e.dir/build.make CMakeFiles/cmTC_a707e.dir/build
gmake[1]: Entering directory '/workspaces/PLCnext-DevOps/src/projects/StarterKit/intermediate/cmakeAutoBuild/AXCF2152,23.6.0.43/Release/CMakeFiles/CMakeTmp'
Building CXX object CMakeFiles/cmTC_a707e.dir/feature_tests.cxx.o
/opt/plcnext_axcf2152_sdk_2023/sysroots/x86_64-pokysdk-linux/usr/bin/arm-pxc-linux-gnueabi/arm-pxc-linux-gnueabi-g++ --sysroot=/opt/plcnext_axcf2152_sdk_2023/sysroots/cortexa9t2hf-neon-pxc-linux-gnueabi    -mthumb -mfpu=neon -mfloat-abi=hard -mcpu=cortex-a9    -std=c++17 -std=c++17 -o CMakeFiles/cmTC_a707e.dir/feature_tests.cxx.o -c /workspaces/PLCnext-DevOps/src/projects/StarterKit/intermediate/cmakeAutoBuild/AXCF2152,23.6.0.43/Release/CMakeFiles/feature_tests.cxx
Linking CXX executable cmTC_a707e
/opt/plcncli/cmake/bin/cmake -E cmake_link_script CMakeFiles/cmTC_a707e.dir/link.txt --verbose=1
/opt/plcnext_axcf2152_sdk_2023/sysroots/x86_64-pokysdk-linux/usr/bin/arm-pxc-linux-gnueabi/arm-pxc-linux-gnueabi-g++ --sysroot=/opt/plcnext_axcf2152_sdk_2023/sysroots/cortexa9t2hf-neon-pxc-linux-gnueabi    -mthumb -mfpu=neon -mfloat-abi=hard -mcpu=cortex-a9    -mthumb -mfpu=neon -mfloat-abi=hard -mcpu=cortex-a9   CMakeFiles/cmTC_a707e.dir/feature_tests.cxx.o  -o cmTC_a707e 
gmake[1]: Leaving directory '/workspaces/PLCnext-DevOps/src/projects/StarterKit/intermediate/cmakeAutoBuild/AXCF2152,23.6.0.43/Release/CMakeFiles/CMakeTmp'


    Feature record: CXX_FEATURE:1cxx_aggregate_default_initializers
    Feature record: CXX_FEATURE:1cxx_alias_templates
    Feature record: CXX_FEATURE:1cxx_alignas
    Feature record: CXX_FEATURE:1cxx_alignof
    Feature record: CXX_FEATURE:1cxx_attributes
    Feature record: CXX_FEATURE:1cxx_attribute_deprecated
    Feature record: CXX_FEATURE:1cxx_auto_type
    Feature record: CXX_FEATURE:1cxx_binary_literals
    Feature record: CXX_FEATURE:1cxx_constexpr
    Feature record: CXX_FEATURE:1cxx_contextual_conversions
    Feature record: CXX_FEATURE:1cxx_decltype
    Feature record: CXX_FEATURE:1cxx_decltype_auto
    Feature record: CXX_FEATURE:1cxx_decltype_incomplete_return_types
    Feature record: CXX_FEATURE:1cxx_default_function_template_args
    Feature record: CXX_FEATURE:1cxx_defaulted_functions
    Feature record: CXX_FEATURE:1cxx_defaulted_move_initializers
    Feature record: CXX_FEATURE:1cxx_delegating_constructors
    Feature record: CXX_FEATURE:1cxx_deleted_functions
    Feature record: CXX_FEATURE:1cxx_digit_separators
    Feature record: CXX_FEATURE:1cxx_enum_forward_declarations
    Feature record: CXX_FEATURE:1cxx_explicit_conversions
    Feature record: CXX_FEATURE:1cxx_extended_friend_declarations
    Feature record: CXX_FEATURE:1cxx_extern_templates
    Feature record: CXX_FEATURE:1cxx_final
    Feature record: CXX_FEATURE:1cxx_func_identifier
    Feature record: CXX_FEATURE:1cxx_generalized_initializers
    Feature record: CXX_FEATURE:1cxx_generic_lambdas
    Feature record: CXX_FEATURE:1cxx_inheriting_constructors
    Feature record: CXX_FEATURE:1cxx_inline_namespaces
    Feature record: CXX_FEATURE:1cxx_lambdas
    Feature record: CXX_FEATURE:1cxx_lambda_init_captures
    Feature record: CXX_FEATURE:1cxx_local_type_template_args
    Feature record: CXX_FEATURE:1cxx_long_long_type
    Feature record: CXX_FEATURE:1cxx_noexcept
    Feature record: CXX_FEATURE:1cxx_nonstatic_member_init
    Feature record: CXX_FEATURE:1cxx_nullptr
    Feature record: CXX_FEATURE:1cxx_override
    Feature record: CXX_FEATURE:1cxx_range_for
    Feature record: CXX_FEATURE:1cxx_raw_string_literals
    Feature record: CXX_FEATURE:1cxx_reference_qualified_functions
    Feature record: CXX_FEATURE:1cxx_relaxed_constexpr
    Feature record: CXX_FEATURE:1cxx_return_type_deduction
    Feature record: CXX_FEATURE:1cxx_right_angle_brackets
    Feature record: CXX_FEATURE:1cxx_rvalue_references
    Feature record: CXX_FEATURE:1cxx_sizeof_member
    Feature record: CXX_FEATURE:1cxx_static_assert
    Feature record: CXX_FEATURE:1cxx_strong_enums
    Feature record: CXX_FEATURE:1cxx_template_template_parameters
    Feature record: CXX_FEATURE:1cxx_thread_local
    Feature record: CXX_FEATURE:1cxx_trailing_return_types
    Feature record: CXX_FEATURE:1cxx_unicode_literals
    Feature record: CXX_FEATURE:1cxx_uniform_initialization
    Feature record: CXX_FEATURE:1cxx_unrestricted_unions
    Feature record: CXX_FEATURE:1cxx_user_literals
    Feature record: CXX_FEATURE:1cxx_variable_templates
    Feature record: CXX_FEATURE:1cxx_variadic_macros
    Feature record: CXX_FEATURE:1cxx_variadic_templates


Detecting CXX [-std=c++14] compiler features compiled with the following output:
Change Dir: /workspaces/PLCnext-DevOps/src/projects/StarterKit/intermediate/cmakeAutoBuild/AXCF2152,23.6.0.43/Release/CMakeFiles/CMakeTmp

Run Build Command:"/usr/bin/gmake" "cmTC_dcaa6/fast"
/usr/bin/gmake -f CMakeFiles/cmTC_dcaa6.dir/build.make CMakeFiles/cmTC_dcaa6.dir/build
gmake[1]: Entering directory '/workspaces/PLCnext-DevOps/src/projects/StarterKit/intermediate/cmakeAutoBuild/AXCF2152,23.6.0.43/Release/CMakeFiles/CMakeTmp'
Building CXX object CMakeFiles/cmTC_dcaa6.dir/feature_tests.cxx.o
/opt/plcnext_axcf2152_sdk_2023/sysroots/x86_64-pokysdk-linux/usr/bin/arm-pxc-linux-gnueabi/arm-pxc-linux-gnueabi-g++ --sysroot=/opt/plcnext_axcf2152_sdk_2023/sysroots/cortexa9t2hf-neon-pxc-linux-gnueabi    -mthumb -mfpu=neon -mfloat-abi=hard -mcpu=cortex-a9    -std=c++14 -std=c++17 -o CMakeFiles/cmTC_dcaa6.dir/feature_tests.cxx.o -c /workspaces/PLCnext-DevOps/src/projects/StarterKit/intermediate/cmakeAutoBuild/AXCF2152,23.6.0.43/Release/CMakeFiles/feature_tests.cxx
Linking CXX executable cmTC_dcaa6
/opt/plcncli/cmake/bin/cmake -E cmake_link_script CMakeFiles/cmTC_dcaa6.dir/link.txt --verbose=1
/opt/plcnext_axcf2152_sdk_2023/sysroots/x86_64-pokysdk-linux/usr/bin/arm-pxc-linux-gnueabi/arm-pxc-linux-gnueabi-g++ --sysroot=/opt/plcnext_axcf2152_sdk_2023/sysroots/cortexa9t2hf-neon-pxc-linux-gnueabi    -mthumb -mfpu=neon -mfloat-abi=hard -mcpu=cortex-a9    -mthumb -mfpu=neon -mfloat-abi=hard -mcpu=cortex-a9   CMakeFiles/cmTC_dcaa6.dir/feature_tests.cxx.o  -o cmTC_dcaa6 
gmake[1]: Leaving directory '/workspaces/PLCnext-DevOps/src/projects/StarterKit/intermediate/cmakeAutoBuild/AXCF2152,23.6.0.43/Release/CMakeFiles/CMakeTmp'


    Feature record: CXX_FEATURE:1cxx_aggregate_default_initializers
    Feature record: CXX_FEATURE:1cxx_alias_templates
    Feature record: CXX_FEATURE:1cxx_alignas
    Feature record: CXX_FEATURE:1cxx_alignof
    Feature record: CXX_FEATURE:1cxx_attributes
    Feature record: CXX_FEATURE:1cxx_attribute_deprecated
    Feature record: CXX_FEATURE:1cxx_auto_type
    Feature record: CXX_FEATURE:1cxx_binary_literals
    Feature record: CXX_FEATURE:1cxx_constexpr
    Feature record: CXX_FEATURE:1cxx_contextual_conversions
    Feature record: CXX_FEATURE:1cxx_decltype
    Feature record: CXX_FEATURE:1cxx_decltype_auto
    Feature record: CXX_FEATURE:1cxx_decltype_incomplete_return_types
    Feature record: CXX_FEATURE:1cxx_default_function_template_args
    Feature record: CXX_FEATURE:1cxx_defaulted_functions
    Feature record: CXX_FEATURE:1cxx_defaulted_move_initializers
    Feature record: CXX_FEATURE:1cxx_delegating_constructors
    Feature record: CXX_FEATURE:1cxx_deleted_functions
    Feature record: CXX_FEATURE:1cxx_digit_separators
    Feature record: CXX_FEATURE:1cxx_enum_forward_declarations
    Feature record: CXX_FEATURE:1cxx_explicit_conversions
    Feature record: CXX_FEATURE:1cxx_extended_friend_declarations
    Feature record: CXX_FEATURE:1cxx_extern_templates
    Feature record: CXX_FEATURE:1cxx_final
    Feature record: CXX_FEATURE:1cxx_func_identifier
    Feature record: CXX_FEATURE:1cxx_generalized_initializers
    Feature record: CXX_FEATURE:1cxx_generic_lambdas
    Feature record: CXX_FEATURE:1cxx_inheriting_constructors
    Feature record: CXX_FEATURE:1cxx_inline_namespaces
    Feature record: CXX_FEATURE:1cxx_lambdas
    Feature record: CXX_FEATURE:1cxx_lambda_init_captures
    Feature record: CXX_FEATURE:1cxx_local_type_template_args
    Feature record: CXX_FEATURE:1cxx_long_long_type
    Feature record: CXX_FEATURE:1cxx_noexcept
    Feature record: CXX_FEATURE:1cxx_nonstatic_member_init
    Feature record: CXX_FEATURE:1cxx_nullptr
    Feature record: CXX_FEATURE:1cxx_override
    Feature record: CXX_FEATURE:1cxx_range_for
    Feature record: CXX_FEATURE:1cxx_raw_string_literals
    Feature record: CXX_FEATURE:1cxx_reference_qualified_functions
    Feature record: CXX_FEATURE:1cxx_relaxed_constexpr
    Feature record: CXX_FEATURE:1cxx_return_type_deduction
    Feature record: CXX_FEATURE:1cxx_right_angle_brackets
    Feature record: CXX_FEATURE:1cxx_rvalue_references
    Feature record: CXX_FEATURE:1cxx_sizeof_member
    Feature record: CXX_FEATURE:1cxx_static_assert
    Feature record: CXX_FEATURE:1cxx_strong_enums
    Feature record: CXX_FEATURE:1cxx_template_template_parameters
    Feature record: CXX_FEATURE:1cxx_thread_local
    Feature record: CXX_FEATURE:1cxx_trailing_return_types
    Feature record: CXX_FEATURE:1cxx_unicode_literals
    Feature record: CXX_FEATURE:1cxx_uniform_initialization
    Feature record: CXX_FEATURE:1cxx_unrestricted_unions
    Feature record: CXX_FEATURE:1cxx_user_literals
    Feature record: CXX_FEATURE:1cxx_variable_templates
    Feature record: CXX_FEATURE:1cxx_variadic_macros
    Feature record: CXX_FEATURE:1cxx_variadic_templates


Detecting CXX [-std=c++11] compiler features compiled with the following output:
Change Dir: /workspaces/PLCnext-DevOps/src/projects/StarterKit/intermediate/cmakeAutoBuild/AXCF2152,23.6.0.43/Release/CMakeFiles/CMakeTmp

Run Build Command:"/usr/bin/gmake" "cmTC_c9ea3/fast"
/usr/bin/gmake -f CMakeFiles/cmTC_c9ea3.dir/build.make CMakeFiles/cmTC_c9ea3.dir/build
gmake[1]: Entering directory '/workspaces/PLCnext-DevOps/src/projects/StarterKit/intermediate/cmakeAutoBuild/AXCF2152,23.6.0.43/Release/CMakeFiles/CMakeTmp'
Building CXX object CMakeFiles/cmTC_c9ea3.dir/feature_tests.cxx.o
/opt/plcnext_axcf2152_sdk_2023/sysroots/x86_64-pokysdk-linux/usr/bin/arm-pxc-linux-gnueabi/arm-pxc-linux-gnueabi-g++ --sysroot=/opt/plcnext_axcf2152_sdk_2023/sysroots/cortexa9t2hf-neon-pxc-linux-gnueabi    -mthumb -mfpu=neon -mfloat-abi=hard -mcpu=cortex-a9    -std=c++11 -std=c++17 -o CMakeFiles/cmTC_c9ea3.dir/feature_tests.cxx.o -c /workspaces/PLCnext-DevOps/src/projects/StarterKit/intermediate/cmakeAutoBuild/AXCF2152,23.6.0.43/Release/CMakeFiles/feature_tests.cxx
Linking CXX executable cmTC_c9ea3
/opt/plcncli/cmake/bin/cmake -E cmake_link_script CMakeFiles/cmTC_c9ea3.dir/link.txt --verbose=1
/opt/plcnext_axcf2152_sdk_2023/sysroots/x86_64-pokysdk-linux/usr/bin/arm-pxc-linux-gnueabi/arm-pxc-linux-gnueabi-g++ --sysroot=/opt/plcnext_axcf2152_sdk_2023/sysroots/cortexa9t2hf-neon-pxc-linux-gnueabi    -mthumb -mfpu=neon -mfloat-abi=hard -mcpu=cortex-a9    -mthumb -mfpu=neon -mfloat-abi=hard -mcpu=cortex-a9   CMakeFiles/cmTC_c9ea3.dir/feature_tests.cxx.o  -o cmTC_c9ea3 
gmake[1]: Leaving directory '/workspaces/PLCnext-DevOps/src/projects/StarterKit/intermediate/cmakeAutoBuild/AXCF2152,23.6.0.43/Release/CMakeFiles/CMakeTmp'


    Feature record: CXX_FEATURE:1cxx_aggregate_default_initializers
    Feature record: CXX_FEATURE:1cxx_alias_templates
    Feature record: CXX_FEATURE:1cxx_alignas
    Feature record: CXX_FEATURE:1cxx_alignof
    Feature record: CXX_FEATURE:1cxx_attributes
    Feature record: CXX_FEATURE:1cxx_attribute_deprecated
    Feature record: CXX_FEATURE:1cxx_auto_type
    Feature record: CXX_FEATURE:1cxx_binary_literals
    Feature record: CXX_FEATURE:1cxx_constexpr
    Feature record: CXX_FEATURE:1cxx_contextual_conversions
    Feature record: CXX_FEATURE:1cxx_decltype
    Feature record: CXX_FEATURE:1cxx_decltype_auto
    Feature record: CXX_FEATURE:1cxx_decltype_incomplete_return_types
    Feature record: CXX_FEATURE:1cxx_default_function_template_args
    Feature record: CXX_FEATURE:1cxx_defaulted_functions
    Feature record: CXX_FEATURE:1cxx_defaulted_move_initializers
    Feature record: CXX_FEATURE:1cxx_delegating_constructors
    Feature record: CXX_FEATURE:1cxx_deleted_functions
    Feature record: CXX_FEATURE:1cxx_digit_separators
    Feature record: CXX_FEATURE:1cxx_enum_forward_declarations
    Feature record: CXX_FEATURE:1cxx_explicit_conversions
    Feature record: CXX_FEATURE:1cxx_extended_friend_declarations
    Feature record: CXX_FEATURE:1cxx_extern_templates
    Feature record: CXX_FEATURE:1cxx_final
    Feature record: CXX_FEATURE:1cxx_func_identifier
    Feature record: CXX_FEATURE:1cxx_generalized_initializers
    Feature record: CXX_FEATURE:1cxx_generic_lambdas
    Feature record: CXX_FEATURE:1cxx_inheriting_constructors
    Feature record: CXX_FEATURE:1cxx_inline_namespaces
    Feature record: CXX_FEATURE:1cxx_lambdas
    Feature record: CXX_FEATURE:1cxx_lambda_init_captures
    Feature record: CXX_FEATURE:1cxx_local_type_template_args
    Feature record: CXX_FEATURE:1cxx_long_long_type
    Feature record: CXX_FEATURE:1cxx_noexcept
    Feature record: CXX_FEATURE:1cxx_nonstatic_member_init
    Feature record: CXX_FEATURE:1cxx_nullptr
    Feature record: CXX_FEATURE:1cxx_override
    Feature record: CXX_FEATURE:1cxx_range_for
    Feature record: CXX_FEATURE:1cxx_raw_string_literals
    Feature record: CXX_FEATURE:1cxx_reference_qualified_functions
    Feature record: CXX_FEATURE:1cxx_relaxed_constexpr
    Feature record: CXX_FEATURE:1cxx_return_type_deduction
    Feature record: CXX_FEATURE:1cxx_right_angle_brackets
    Feature record: CXX_FEATURE:1cxx_rvalue_references
    Feature record: CXX_FEATURE:1cxx_sizeof_member
    Feature record: CXX_FEATURE:1cxx_static_assert
    Feature record: CXX_FEATURE:1cxx_strong_enums
    Feature record: CXX_FEATURE:1cxx_template_template_parameters
    Feature record: CXX_FEATURE:1cxx_thread_local
    Feature record: CXX_FEATURE:1cxx_trailing_return_types
    Feature record: CXX_FEATURE:1cxx_unicode_literals
    Feature record: CXX_FEATURE:1cxx_uniform_initialization
    Feature record: CXX_FEATURE:1cxx_unrestricted_unions
    Feature record: CXX_FEATURE:1cxx_user_literals
    Feature record: CXX_FEATURE:1cxx_variable_templates
    Feature record: CXX_FEATURE:1cxx_variadic_macros
    Feature record: CXX_FEATURE:1cxx_variadic_templates


Detecting CXX [-std=c++98] compiler features compiled with the following output:
Change Dir: /workspaces/PLCnext-DevOps/src/projects/StarterKit/intermediate/cmakeAutoBuild/AXCF2152,23.6.0.43/Release/CMakeFiles/CMakeTmp

Run Build Command:"/usr/bin/gmake" "cmTC_e04d3/fast"
/usr/bin/gmake -f CMakeFiles/cmTC_e04d3.dir/build.make CMakeFiles/cmTC_e04d3.dir/build
gmake[1]: Entering directory '/workspaces/PLCnext-DevOps/src/projects/StarterKit/intermediate/cmakeAutoBuild/AXCF2152,23.6.0.43/Release/CMakeFiles/CMakeTmp'
Building CXX object CMakeFiles/cmTC_e04d3.dir/feature_tests.cxx.o
/opt/plcnext_axcf2152_sdk_2023/sysroots/x86_64-pokysdk-linux/usr/bin/arm-pxc-linux-gnueabi/arm-pxc-linux-gnueabi-g++ --sysroot=/opt/plcnext_axcf2152_sdk_2023/sysroots/cortexa9t2hf-neon-pxc-linux-gnueabi    -mthumb -mfpu=neon -mfloat-abi=hard -mcpu=cortex-a9    -std=c++98 -std=c++17 -o CMakeFiles/cmTC_e04d3.dir/feature_tests.cxx.o -c /workspaces/PLCnext-DevOps/src/projects/StarterKit/intermediate/cmakeAutoBuild/AXCF2152,23.6.0.43/Release/CMakeFiles/feature_tests.cxx
Linking CXX executable cmTC_e04d3
/opt/plcncli/cmake/bin/cmake -E cmake_link_script CMakeFiles/cmTC_e04d3.dir/link.txt --verbose=1
/opt/plcnext_axcf2152_sdk_2023/sysroots/x86_64-pokysdk-linux/usr/bin/arm-pxc-linux-gnueabi/arm-pxc-linux-gnueabi-g++ --sysroot=/opt/plcnext_axcf2152_sdk_2023/sysroots/cortexa9t2hf-neon-pxc-linux-gnueabi    -mthumb -mfpu=neon -mfloat-abi=hard -mcpu=cortex-a9    -mthumb -mfpu=neon -mfloat-abi=hard -mcpu=cortex-a9   CMakeFiles/cmTC_e04d3.dir/feature_tests.cxx.o  -o cmTC_e04d3 
gmake[1]: Leaving directory '/workspaces/PLCnext-DevOps/src/projects/StarterKit/intermediate/cmakeAutoBuild/AXCF2152,23.6.0.43/Release/CMakeFiles/CMakeTmp'


    Feature record: CXX_FEATURE:1cxx_aggregate_default_initializers
    Feature record: CXX_FEATURE:1cxx_alias_templates
    Feature record: CXX_FEATURE:1cxx_alignas
    Feature record: CXX_FEATURE:1cxx_alignof
    Feature record: CXX_FEATURE:1cxx_attributes
    Feature record: CXX_FEATURE:1cxx_attribute_deprecated
    Feature record: CXX_FEATURE:1cxx_auto_type
    Feature record: CXX_FEATURE:1cxx_binary_literals
    Feature record: CXX_FEATURE:1cxx_constexpr
    Feature record: CXX_FEATURE:1cxx_contextual_conversions
    Feature record: CXX_FEATURE:1cxx_decltype
    Feature record: CXX_FEATURE:1cxx_decltype_auto
    Feature record: CXX_FEATURE:1cxx_decltype_incomplete_return_types
    Feature record: CXX_FEATURE:1cxx_default_function_template_args
    Feature record: CXX_FEATURE:1cxx_defaulted_functions
    Feature record: CXX_FEATURE:1cxx_defaulted_move_initializers
    Feature record: CXX_FEATURE:1cxx_delegating_constructors
    Feature record: CXX_FEATURE:1cxx_deleted_functions
    Feature record: CXX_FEATURE:1cxx_digit_separators
    Feature record: CXX_FEATURE:1cxx_enum_forward_declarations
    Feature record: CXX_FEATURE:1cxx_explicit_conversions
    Feature record: CXX_FEATURE:1cxx_extended_friend_declarations
    Feature record: CXX_FEATURE:1cxx_extern_templates
    Feature record: CXX_FEATURE:1cxx_final
    Feature record: CXX_FEATURE:1cxx_func_identifier
    Feature record: CXX_FEATURE:1cxx_generalized_initializers
    Feature record: CXX_FEATURE:1cxx_generic_lambdas
    Feature record: CXX_FEATURE:1cxx_inheriting_constructors
    Feature record: CXX_FEATURE:1cxx_inline_namespaces
    Feature record: CXX_FEATURE:1cxx_lambdas
    Feature record: CXX_FEATURE:1cxx_lambda_init_captures
    Feature record: CXX_FEATURE:1cxx_local_type_template_args
    Feature record: CXX_FEATURE:1cxx_long_long_type
    Feature record: CXX_FEATURE:1cxx_noexcept
    Feature record: CXX_FEATURE:1cxx_nonstatic_member_init
    Feature record: CXX_FEATURE:1cxx_nullptr
    Feature record: CXX_FEATURE:1cxx_override
    Feature record: CXX_FEATURE:1cxx_range_for
    Feature record: CXX_FEATURE:1cxx_raw_string_literals
    Feature record: CXX_FEATURE:1cxx_reference_qualified_functions
    Feature record: CXX_FEATURE:1cxx_relaxed_constexpr
    Feature record: CXX_FEATURE:1cxx_return_type_deduction
    Feature record: CXX_FEATURE:1cxx_right_angle_brackets
    Feature record: CXX_FEATURE:1cxx_rvalue_references
    Feature record: CXX_FEATURE:1cxx_sizeof_member
    Feature record: CXX_FEATURE:1cxx_static_assert
    Feature record: CXX_FEATURE:1cxx_strong_enums
    Feature record: CXX_FEATURE:1cxx_template_template_parameters
    Feature record: CXX_FEATURE:1cxx_thread_local
    Feature record: CXX_FEATURE:1cxx_trailing_return_types
    Feature record: CXX_FEATURE:1cxx_unicode_literals
    Feature record: CXX_FEATURE:1cxx_uniform_initialization
    Feature record: CXX_FEATURE:1cxx_unrestricted_unions
    Feature record: CXX_FEATURE:1cxx_user_literals
    Feature record: CXX_FEATURE:1cxx_variable_templates
    Feature record: CXX_FEATURE:1cxx_variadic_macros
    Feature record: CXX_FEATURE:1cxx_variadic_templates
